Added Component: Designator=C16(0805)
Added Component: Designator=C17(0805)
Added Component: Designator=C18(0805)
Added Component: Designator=C19(0805)
Added Component: Designator=C20(0805)
Added Component: Designator=C21(0805)
Added Component: Designator=C22(0805)
Added Component: Designator=C23(0805)
Added Component: Designator=C24(0805)
Added Component: Designator=C25(0805)
Added Pin To Net: NetName=GND Pin=C16-1
Added Pin To Net: NetName=+5 Pin=C16-2
Added Pin To Net: NetName=GND Pin=C17-1
Added Pin To Net: NetName=+5 Pin=C17-2
Added Pin To Net: NetName=GND Pin=C18-1
Added Pin To Net: NetName=+5 Pin=C18-2
Added Pin To Net: NetName=GND Pin=C19-1
Added Pin To Net: NetName=+5 Pin=C19-2
Added Pin To Net: NetName=GND Pin=C20-1
Added Pin To Net: NetName=+5 Pin=C20-2
Added Pin To Net: NetName=GND Pin=C21-1
Added Pin To Net: NetName=+5 Pin=C21-2
Added Pin To Net: NetName=GND Pin=C22-1
Added Pin To Net: NetName=+5 Pin=C22-2
Added Pin To Net: NetName=GND Pin=C23-1
Added Pin To Net: NetName=+5 Pin=C23-2
Added Pin To Net: NetName=GND Pin=C24-1
Added Pin To Net: NetName=+5 Pin=C24-2
Added Pin To Net: NetName=GND Pin=C25-1
Added Pin To Net: NetName=+5 Pin=C25-2
Added Member To Class: ClassName=Microcontroller Member=Component C16 C0805
Added Member To Class: ClassName=Multiplexor Member=Component C17 C0805
Added Member To Class: ClassName=Multiplexor Member=Component C18 C0805
Added Member To Class: ClassName=Multiplexor Member=Component C19 C0805
Added Member To Class: ClassName=Multiplexor Member=Component C20 C0805
Added Member To Class: ClassName=Multiplexor Member=Component C21 C0805
Added Member To Class: ClassName=Multiplexor Member=Component C22 C0805
Added Member To Class: ClassName=Multiplexor Member=Component C23 C0805
Added Member To Class: ClassName=Multiplexor Member=Component C24 C0805
Added Member To Class: ClassName=Multiplexor Member=Component C25 C0805
