Removed Pin From Net: NetName=XTAL2 Pin=C7-2
Removed Pin From Net: NetName=XTAL1 Pin=C8-1
Removed Pin From Net: NetName=GND Pin=C8-2
Removed Pin From Net: NetName=GND Pin=C9-1
Removed Pin From Net: NetName=+5 Pin=C9-2
Removed Pin From Net: NetName=SWITCH +12 Pin=C10-2
Removed Pin From Net: NetName=SWITCH +12 Pin=C11-2
Removed Pin From Net: NetName=+5 Pin=C14-1
Removed Pin From Net: NetName=GND Pin=C14-2
Removed Pin From Net: NetName=+5 Pin=C15-1
Removed Pin From Net: NetName=GND Pin=C15-2
Removed Pin From Net: NetName=+5 Pin=C20-2
Removed Pin From Net: NetName=+5 Pin=C21-2
Removed Pin From Net: NetName=GND Pin=C24-1
Removed Pin From Net: NetName=+5 Pin=C24-2
Removed Pin From Net: NetName=GND Pin=C25-1
Removed Pin From Net: NetName=+5 Pin=C25-2
Removed Pin From Net: NetName=T1OUT Pin=J10-1
Removed Pin From Net: NetName=R1IN Pin=J10-2
Removed Pin From Net: NetName=GND Pin=J10-4
Removed Pin From Net: NetName=MOSI Pin=J11-1
Removed Pin From Net: NetName=RESET Pin=J11-3
Removed Pin From Net: NetName=SCK Pin=J11-4
Removed Pin From Net: NetName=MISO Pin=J11-5
Removed Pin From Net: NetName=VTG Pin=J11-6
Removed Pin From Net: NetName=GND Pin=J11-7
Removed Pin From Net: NetName=GND Pin=J11-8
Removed Pin From Net: NetName=GND Pin=J11-9
Removed Pin From Net: NetName=GND Pin=J11-10
Removed Pin From Net: NetName=+5 Pin=J12-1
Removed Pin From Net: NetName=VTG Pin=J12-2
Removed Pin From Net: NetName=+5 Pin=LED2-2
Removed Pin From Net: NetName=GND Pin=LED4-1
Removed Pin From Net: NetName=NetJ9_1 Pin=Q1-3
Removed Pin From Net: NetName=NetJ9_1 Pin=Q2-3
Removed Pin From Net: NetName=NetJ9_2 Pin=Q3-3
Removed Pin From Net: NetName=NetJ9_2 Pin=Q4-3
Removed Pin From Net: NetName=NetJ9_3 Pin=Q5-3
Removed Pin From Net: NetName=NetJ9_3 Pin=Q6-3
Removed Pin From Net: NetName=NetJ9_4 Pin=Q7-3
Removed Pin From Net: NetName=NetJ9_4 Pin=Q8-3
Removed Pin From Net: NetName=NetJ9_5 Pin=Q9-3
Removed Pin From Net: NetName=NetJ9_5 Pin=Q10-3
Removed Pin From Net: NetName=NetJ9_6 Pin=Q11-3
Removed Pin From Net: NetName=NetJ9_6 Pin=Q12-3
Removed Pin From Net: NetName=NetJ9_7 Pin=Q13-3
Removed Pin From Net: NetName=NetJ9_7 Pin=Q14-3
Removed Pin From Net: NetName=NetJ9_8 Pin=Q15-3
Removed Pin From Net: NetName=NetJ9_8 Pin=Q16-3
Removed Pin From Net: NetName=NetJ1_1 Pin=R1-2
Removed Pin From Net: NetName=NetJ1_2 Pin=R5-2
Removed Pin From Net: NetName=NetJ1_3 Pin=R9-2
Removed Pin From Net: NetName=NetJ1_4 Pin=R13-2
Removed Pin From Net: NetName=NetJ1_5 Pin=R17-2
Removed Pin From Net: NetName=NetJ1_6 Pin=R21-2
Removed Pin From Net: NetName=NetJ1_7 Pin=R25-2
Removed Pin From Net: NetName=NetJ1_8 Pin=R29-2
Removed Pin From Net: NetName=NetJ5_1 Pin=R33-2
Removed Pin From Net: NetName=NetJ6_1 Pin=R34-2
Removed Pin From Net: NetName=NetJ7_1 Pin=R35-2
Removed Pin From Net: NetName=NetJ8_1 Pin=R36-2
Removed Pin From Net: NetName=NetJ5_2 Pin=R37-2
Removed Pin From Net: NetName=NetJ6_2 Pin=R38-2
Removed Pin From Net: NetName=NetJ7_2 Pin=R39-2
Removed Pin From Net: NetName=NetJ8_2 Pin=R40-2
Removed Pin From Net: NetName=NetJ5_3 Pin=R41-2
Removed Pin From Net: NetName=NetJ6_3 Pin=R42-2
Removed Pin From Net: NetName=NetJ7_3 Pin=R43-2
Removed Pin From Net: NetName=NetJ8_3 Pin=R44-2
Removed Pin From Net: NetName=NetJ5_4 Pin=R45-2
Removed Pin From Net: NetName=NetJ6_4 Pin=R46-2
Removed Pin From Net: NetName=NetJ7_4 Pin=R47-2
Removed Pin From Net: NetName=NetJ8_4 Pin=R48-2
Removed Pin From Net: NetName=NetJ5_5 Pin=R49-2
Removed Pin From Net: NetName=NetJ6_5 Pin=R50-2
Removed Pin From Net: NetName=NetJ7_5 Pin=R51-2
Removed Pin From Net: NetName=NetJ8_5 Pin=R52-2
Removed Pin From Net: NetName=NetJ5_6 Pin=R53-2
Removed Pin From Net: NetName=NetJ6_6 Pin=R54-2
Removed Pin From Net: NetName=NetJ7_6 Pin=R55-2
Removed Pin From Net: NetName=NetJ8_6 Pin=R56-2
Removed Pin From Net: NetName=NetJ5_7 Pin=R57-2
Removed Pin From Net: NetName=NetJ6_7 Pin=R58-2
Removed Pin From Net: NetName=NetJ7_7 Pin=R59-2
Removed Pin From Net: NetName=NetJ8_7 Pin=R60-2
Removed Pin From Net: NetName=NetJ5_8 Pin=R61-2
Removed Pin From Net: NetName=NetJ6_8 Pin=R62-2
Removed Pin From Net: NetName=NetJ7_8 Pin=R63-2
Removed Pin From Net: NetName=NetJ8_8 Pin=R64-2
Removed Pin From Net: NetName=LEVEL1 Pin=R65-1
Removed Pin From Net: NetName=NetQ1_1 Pin=R65-2
Removed Pin From Net: NetName=LEVEL1 Pin=R66-1
Removed Pin From Net: NetName=NetQ2_1 Pin=R66-2
Removed Pin From Net: NetName=LEVEL2 Pin=R67-1
Removed Pin From Net: NetName=NetQ3_1 Pin=R67-2
Removed Pin From Net: NetName=LEVEL2 Pin=R68-1
Removed Pin From Net: NetName=NetQ4_1 Pin=R68-2
Removed Pin From Net: NetName=LEVEL3 Pin=R69-1
Removed Pin From Net: NetName=NetQ5_1 Pin=R69-2
Removed Pin From Net: NetName=LEVEL3 Pin=R70-1
Removed Pin From Net: NetName=NetQ6_1 Pin=R70-2
Removed Pin From Net: NetName=LEVEL4 Pin=R71-1
Removed Pin From Net: NetName=NetQ7_1 Pin=R71-2
Removed Pin From Net: NetName=LEVEL4 Pin=R72-1
Removed Pin From Net: NetName=NetQ8_1 Pin=R72-2
Removed Pin From Net: NetName=LEVEL5 Pin=R73-1
Removed Pin From Net: NetName=NetQ9_1 Pin=R73-2
Removed Pin From Net: NetName=LEVEL5 Pin=R74-1
Removed Pin From Net: NetName=NetQ10_1 Pin=R74-2
Removed Pin From Net: NetName=LEVEL6 Pin=R75-1
Removed Pin From Net: NetName=NetQ11_1 Pin=R75-2
Removed Pin From Net: NetName=LEVEL6 Pin=R76-1
Removed Pin From Net: NetName=NetQ12_1 Pin=R76-2
Removed Pin From Net: NetName=LEVEL7 Pin=R77-1
Removed Pin From Net: NetName=NetQ13_1 Pin=R77-2
Removed Pin From Net: NetName=LEVEL7 Pin=R78-1
Removed Pin From Net: NetName=NetQ14_1 Pin=R78-2
Removed Pin From Net: NetName=232LED Pin=R79-1
Removed Pin From Net: NetName=NetLED1_2 Pin=R79-2
Removed Pin From Net: NetName=LEVEL8 Pin=R80-1
Removed Pin From Net: NetName=NetQ15_1 Pin=R80-2
Removed Pin From Net: NetName=LEVEL8 Pin=R81-1
Removed Pin From Net: NetName=NetQ16_1 Pin=R81-2
Removed Pin From Net: NetName=+5 Pin=R82-1
Removed Pin From Net: NetName=NetJ9_1 Pin=R82-2
Removed Pin From Net: NetName=+5 Pin=R83-1
Removed Pin From Net: NetName=NetJ9_2 Pin=R83-2
Removed Pin From Net: NetName=+5 Pin=R84-1
Removed Pin From Net: NetName=NetJ9_3 Pin=R84-2
Removed Pin From Net: NetName=+5 Pin=R85-1
Removed Pin From Net: NetName=NetJ9_4 Pin=R85-2
Removed Pin From Net: NetName=+5 Pin=R86-1
Removed Pin From Net: NetName=NetJ9_5 Pin=R86-2
Removed Pin From Net: NetName=+5 Pin=R87-1
Removed Pin From Net: NetName=NetJ9_6 Pin=R87-2
Removed Pin From Net: NetName=+5 Pin=R88-1
Removed Pin From Net: NetName=NetJ9_7 Pin=R88-2
Removed Pin From Net: NetName=+5 Pin=R89-1
Removed Pin From Net: NetName=NetJ9_8 Pin=R89-2
Removed Pin From Net: NetName=GND Pin=R90-2
Removed Pin From Net: NetName=INT0 Pin=R91-1
Removed Pin From Net: NetName=NetLED3_2 Pin=R91-2
Removed Pin From Net: NetName=INT1 Pin=R92-1
Removed Pin From Net: NetName=LINE0 Pin=U1-1
Removed Pin From Net: NetName=LINE1 Pin=U1-2
Removed Pin From Net: NetName=LINE2 Pin=U1-3
Removed Pin From Net: NetName=LINE3 Pin=U1-4
Removed Pin From Net: NetName=LINE4 Pin=U1-5
Removed Pin From Net: NetName=LINE5 Pin=U1-6
Removed Pin From Net: NetName=LINE6 Pin=U1-7
Removed Pin From Net: NetName=LINE7 Pin=U1-8
Removed Pin From Net: NetName=LINE8 Pin=U1-9
Removed Pin From Net: NetName=GND Pin=U1-10
Removed Pin From Net: NetName=Y0 Pin=U1-11
Removed Pin From Net: NetName=NetR29_1 Pin=U1-12
Removed Pin From Net: NetName=+5 Pin=U1-20
Removed Pin From Net: NetName=LINE0 Pin=U2-1
Removed Pin From Net: NetName=LINE1 Pin=U2-2
Removed Pin From Net: NetName=LINE2 Pin=U2-3
Removed Pin From Net: NetName=LINE3 Pin=U2-4
Removed Pin From Net: NetName=LINE4 Pin=U2-5
Removed Pin From Net: NetName=LINE5 Pin=U2-6
Removed Pin From Net: NetName=LINE6 Pin=U2-7
Removed Pin From Net: NetName=LINE7 Pin=U2-8
Removed Pin From Net: NetName=LINE8 Pin=U2-9
Removed Pin From Net: NetName=GND Pin=U2-10
Removed Pin From Net: NetName=Y1 Pin=U2-11
Removed Pin From Net: NetName=NetR30_1 Pin=U2-12
Removed Pin From Net: NetName=+5 Pin=U2-20
Removed Pin From Net: NetName=Y2 Pin=U3-11
Removed Pin From Net: NetName=NetR31_1 Pin=U3-12
Removed Pin From Net: NetName=Y3 Pin=U4-11
Removed Pin From Net: NetName=NetR32_1 Pin=U4-12
Removed Pin From Net: NetName=Y4 Pin=U5-11
Removed Pin From Net: NetName=NetR61_1 Pin=U5-12
Removed Pin From Net: NetName=NetR57_1 Pin=U5-13
Removed Pin From Net: NetName=NetR53_1 Pin=U5-14
Removed Pin From Net: NetName=NetR49_1 Pin=U5-15
Removed Pin From Net: NetName=NetR45_1 Pin=U5-16
Removed Pin From Net: NetName=NetR41_1 Pin=U5-17
Removed Pin From Net: NetName=NetR37_1 Pin=U5-18
Removed Pin From Net: NetName=NetR33_1 Pin=U5-19
Removed Pin From Net: NetName=Y5 Pin=U6-11
Removed Pin From Net: NetName=NetR62_1 Pin=U6-12
Removed Pin From Net: NetName=NetR58_1 Pin=U6-13
Removed Pin From Net: NetName=NetR54_1 Pin=U6-14
Removed Pin From Net: NetName=NetR50_1 Pin=U6-15
Removed Pin From Net: NetName=NetR46_1 Pin=U6-16
Removed Pin From Net: NetName=NetR42_1 Pin=U6-17
Removed Pin From Net: NetName=NetR38_1 Pin=U6-18
Removed Pin From Net: NetName=NetR34_1 Pin=U6-19
Removed Pin From Net: NetName=Y6 Pin=U7-11
Removed Pin From Net: NetName=NetR63_1 Pin=U7-12
Removed Pin From Net: NetName=NetR59_1 Pin=U7-13
Removed Pin From Net: NetName=NetR55_1 Pin=U7-14
Removed Pin From Net: NetName=NetR51_1 Pin=U7-15
Removed Pin From Net: NetName=NetR47_1 Pin=U7-16
Removed Pin From Net: NetName=NetR43_1 Pin=U7-17
Removed Pin From Net: NetName=NetR39_1 Pin=U7-18
Removed Pin From Net: NetName=NetR35_1 Pin=U7-19
Removed Pin From Net: NetName=Y7 Pin=U8-11
Removed Pin From Net: NetName=NetR64_1 Pin=U8-12
Removed Pin From Net: NetName=NetR60_1 Pin=U8-13
Removed Pin From Net: NetName=NetR56_1 Pin=U8-14
Removed Pin From Net: NetName=NetR52_1 Pin=U8-15
Removed Pin From Net: NetName=NetR48_1 Pin=U8-16
Removed Pin From Net: NetName=NetR44_1 Pin=U8-17
Removed Pin From Net: NetName=NetR40_1 Pin=U8-18
Removed Pin From Net: NetName=NetR36_1 Pin=U8-19
Removed Pin From Net: NetName=A0 Pin=U9-1
Removed Pin From Net: NetName=A1 Pin=U9-2
Removed Pin From Net: NetName=A2 Pin=U9-3
Removed Pin From Net: NetName=GND Pin=U9-4
Removed Pin From Net: NetName=GND Pin=U9-5
Removed Pin From Net: NetName=+5 Pin=U9-6
Removed Pin From Net: NetName=Y7 Pin=U9-7
Removed Pin From Net: NetName=GND Pin=U9-8
Removed Pin From Net: NetName=Y6 Pin=U9-9
Removed Pin From Net: NetName=Y5 Pin=U9-10
Removed Pin From Net: NetName=Y4 Pin=U9-11
Removed Pin From Net: NetName=Y3 Pin=U9-12
Removed Pin From Net: NetName=Y2 Pin=U9-13
Removed Pin From Net: NetName=Y1 Pin=U9-14
Removed Pin From Net: NetName=Y0 Pin=U9-15
Removed Pin From Net: NetName=+5 Pin=U9-16
Removed Pin From Net: NetName=C1+ Pin=U10-1
Removed Pin From Net: NetName=VS+ Pin=U10-2
Removed Pin From Net: NetName=C1- Pin=U10-3
Removed Pin From Net: NetName=C2+ Pin=U10-4
Removed Pin From Net: NetName=C2- Pin=U10-5
Removed Pin From Net: NetName=VS- Pin=U10-6
Removed Pin From Net: NetName=RXD Pin=U10-11
Removed Pin From Net: NetName=TXD Pin=U10-12
Removed Pin From Net: NetName=R1IN Pin=U10-13
Removed Pin From Net: NetName=T1OUT Pin=U10-14
Removed Pin From Net: NetName=GND Pin=U10-15
Removed Pin From Net: NetName=+5 Pin=U10-16
Removed Pin From Net: NetName=MOSI Pin=U11-1
Removed Pin From Net: NetName=MISO Pin=U11-2
Removed Pin From Net: NetName=SCK Pin=U11-3
Removed Pin From Net: NetName=RESET Pin=U11-4
Removed Pin From Net: NetName=+5 Pin=U11-5
Removed Pin From Net: NetName=GND Pin=U11-6
Removed Pin From Net: NetName=XTAL2 Pin=U11-7
Removed Pin From Net: NetName=XTAL1 Pin=U11-8
Removed Pin From Net: NetName=RXD Pin=U11-9
Removed Pin From Net: NetName=TXD Pin=U11-10
Removed Pin From Net: NetName=INT0 Pin=U11-11
Removed Pin From Net: NetName=INT1 Pin=U11-12
Removed Pin From Net: NetName=232LED Pin=U11-13
Removed Pin From Net: NetName=RS232SW Pin=U11-14
Removed Pin From Net: NetName=+5 Pin=U11-17
Removed Pin From Net: NetName=GND Pin=U11-18
Removed Pin From Net: NetName=LEVEL1 Pin=U11-19
Removed Pin From Net: NetName=LEVEL2 Pin=U11-20
Removed Pin From Net: NetName=LEVEL3 Pin=U11-21
Removed Pin From Net: NetName=LEVEL4 Pin=U11-22
Removed Pin From Net: NetName=LEVEL5 Pin=U11-23
Removed Pin From Net: NetName=LEVEL6 Pin=U11-24
Removed Pin From Net: NetName=LEVEL7 Pin=U11-25
Removed Pin From Net: NetName=LEVEL8 Pin=U11-26
Removed Pin From Net: NetName=+5 Pin=U11-27
Removed Pin From Net: NetName=GND Pin=U11-28
Removed Pin From Net: NetName=+5 Pin=U11-29
Removed Pin From Net: NetName=LINE8 Pin=U11-30
Removed Pin From Net: NetName=LINE7 Pin=U11-31
Removed Pin From Net: NetName=LINE6 Pin=U11-32
Removed Pin From Net: NetName=LINE5 Pin=U11-33
Removed Pin From Net: NetName=LINE4 Pin=U11-34
Removed Pin From Net: NetName=LINE3 Pin=U11-35
Removed Pin From Net: NetName=LINE2 Pin=U11-36
Removed Pin From Net: NetName=LINE1 Pin=U11-37
Removed Pin From Net: NetName=+5 Pin=U11-38
Removed Pin From Net: NetName=GND Pin=U11-39
Removed Pin From Net: NetName=A0 Pin=U11-40
Removed Pin From Net: NetName=A1 Pin=U11-41
Removed Pin From Net: NetName=A2 Pin=U11-42
Removed Pin From Net: NetName=LINE0 Pin=U11-43
Removed Member From Class: ClassName=LEDPower Member=C10
Removed Member From Class: ClassName=LEDPower Member=C11
Removed Member From Class: ClassName=LEDPower Member=C12
Removed Member From Class: ClassName=LEDPower Member=C13
Removed Member From Class: ClassName=LEDPower Member=C14
Removed Member From Class: ClassName=LEDPower Member=C15
Removed Member From Class: ClassName=LEDMicro Member=C16
Removed Member From Class: ClassName=LEDMulti Member=C20
Removed Member From Class: ClassName=LEDMulti Member=C21
Removed Member From Class: ClassName=LEDMulti Member=C22
Removed Member From Class: ClassName=LEDMulti Member=C23
Removed Member From Class: ClassName=LEDMulti Member=C24
Removed Member From Class: ClassName=LEDMulti Member=C25
Removed Member From Class: ClassName=LEDMulti Member=J1
Removed Member From Class: ClassName=LEDMulti Member=J2
Removed Member From Class: ClassName=LEDMulti Member=J3
Removed Member From Class: ClassName=LEDMulti Member=J4
Removed Member From Class: ClassName=LEDMicro Member=J9
Removed Member From Class: ClassName=LEDMicro Member=J10
Removed Member From Class: ClassName=LEDMicro Member=J11
Removed Member From Class: ClassName=LEDMicro Member=J12
Removed Member From Class: ClassName=LEDPower Member=LED2
Removed Member From Class: ClassName=LEDMicro Member=LED4
Removed Member From Class: ClassName=LEDMulti Member=R1
Removed Member From Class: ClassName=LEDMulti Member=R2
Removed Member From Class: ClassName=LEDMulti Member=R3
Removed Member From Class: ClassName=LEDMulti Member=R4
Removed Member From Class: ClassName=LEDMulti Member=R5
Removed Member From Class: ClassName=LEDMulti Member=R6
Removed Member From Class: ClassName=LEDMulti Member=R7
Removed Member From Class: ClassName=LEDMulti Member=R8
Removed Member From Class: ClassName=LEDMulti Member=R9
Removed Member From Class: ClassName=LEDMulti Member=R10
Removed Member From Class: ClassName=LEDMulti Member=R11
Removed Member From Class: ClassName=LEDMulti Member=R12
Removed Member From Class: ClassName=LEDMulti Member=R13
Removed Member From Class: ClassName=LEDMulti Member=R14
Removed Member From Class: ClassName=LEDMulti Member=R15
Removed Member From Class: ClassName=LEDMulti Member=R16
Removed Member From Class: ClassName=LEDMulti Member=R17
Removed Member From Class: ClassName=LEDMulti Member=R18
Removed Member From Class: ClassName=LEDMulti Member=R19
Removed Member From Class: ClassName=LEDMulti Member=R20
Removed Member From Class: ClassName=LEDMulti Member=R21
Removed Member From Class: ClassName=LEDMulti Member=R22
Removed Member From Class: ClassName=LEDMulti Member=R23
Removed Member From Class: ClassName=LEDMulti Member=R24
Removed Member From Class: ClassName=LEDMulti Member=R25
Removed Member From Class: ClassName=LEDMulti Member=R26
Removed Member From Class: ClassName=LEDMulti Member=R27
Removed Member From Class: ClassName=LEDMulti Member=R28
Removed Member From Class: ClassName=LEDMicro Member=R65
Removed Member From Class: ClassName=LEDMicro Member=R66
Removed Member From Class: ClassName=LEDMicro Member=R67
Removed Member From Class: ClassName=LEDMicro Member=R68
Removed Member From Class: ClassName=LEDMicro Member=R69
Removed Member From Class: ClassName=LEDMicro Member=R70
Removed Member From Class: ClassName=LEDMicro Member=R71
Removed Member From Class: ClassName=LEDMicro Member=R72
Removed Member From Class: ClassName=LEDMicro Member=R73
Removed Member From Class: ClassName=LEDMicro Member=R74
Removed Member From Class: ClassName=LEDMicro Member=R75
Removed Member From Class: ClassName=LEDMicro Member=R76
Removed Member From Class: ClassName=LEDMicro Member=R77
Removed Member From Class: ClassName=LEDMicro Member=R78
Removed Member From Class: ClassName=LEDMicro Member=R79
Removed Member From Class: ClassName=LEDMicro Member=R80
Removed Member From Class: ClassName=LEDMicro Member=R81
Removed Member From Class: ClassName=LEDMicro Member=R82
Removed Member From Class: ClassName=LEDMicro Member=R83
Removed Member From Class: ClassName=LEDMicro Member=R84
Removed Member From Class: ClassName=LEDMicro Member=R85
Removed Member From Class: ClassName=LEDMicro Member=R86
Removed Member From Class: ClassName=LEDMicro Member=R87
Removed Member From Class: ClassName=LEDMicro Member=R88
Removed Member From Class: ClassName=LEDMicro Member=R89
Removed Member From Class: ClassName=LEDPower Member=R90
Removed Member From Class: ClassName=LEDMicro Member=R91
Removed Member From Class: ClassName=LEDMicro Member=R92
Removed Member From Class: ClassName=LEDMulti Member=U1
Removed Member From Class: ClassName=LEDMulti Member=U2
Removed Member From Class: ClassName=LEDMicro Member=U10
Removed Member From Class: ClassName=LEDMicro Member=U11
Change Component DesignItemId : Designator=J12 Old DesignItemId=2x1 New DesignItemId=8x1 Male Header Pin
Change Component DesignItemId : Designator=J10 Old DesignItemId=4x1 New DesignItemId=8x1 Male Header Pin
Change Component DesignItemId : Designator=J11 Old DesignItemId=5x2 New DesignItemId=8x1 Male Header Pin
Change Component DesignItemId : Designator=J9 Old DesignItemId=8x1 New DesignItemId=8x1 Male Header Pin
Change Component DesignItemId : Designator=J4 Old DesignItemId=8x1 Male Header Pin New DesignItemId=2x1
Change Component DesignItemId : Designator=J2 Old DesignItemId=8x1 Male Header Pin New DesignItemId=4x1
Change Component DesignItemId : Designator=J3 Old DesignItemId=8x1 Male Header Pin New DesignItemId=5x2
Change Component DesignItemId : Designator=J1 Old DesignItemId=8x1 Male Header Pin New DesignItemId=8x1
Change Component DesignItemId : Designator=U11 Old DesignItemId=ATMEGA 32 New DesignItemId=SN4HC138N
Change Component DesignItemId : Designator=C20 Old DesignItemId=C0805 New DesignItemId=Capacitor (non-polarized)
Change Component DesignItemId : Designator=C21 Old DesignItemId=C0805 New DesignItemId=Capacitor (non-polarized)
Change Component DesignItemId : Designator=C22 Old DesignItemId=C0805 New DesignItemId=Capacitor (non-polarized)
Change Component DesignItemId : Designator=C23 Old DesignItemId=C0805 New DesignItemId=Capacitor (non-polarized)
Change Component DesignItemId : Designator=C24 Old DesignItemId=C0805 New DesignItemId=Capacitor (non-polarized)
Change Component DesignItemId : Designator=C25 Old DesignItemId=C0805 New DesignItemId=Capacitor (non-polarized)
Change Component DesignItemId : Designator=C5 Old DesignItemId=Capacitor (non-polarized) New DesignItemId=C0805
Change Component DesignItemId : Designator=C11 Old DesignItemId=Capacitor (non-polarized) New DesignItemId=C0805
Change Component DesignItemId : Designator=C12 Old DesignItemId=Capacitor (non-polarized) New DesignItemId=C0805
Change Component DesignItemId : Designator=C13 Old DesignItemId=Capacitor (non-polarized) New DesignItemId=C0805
Change Component DesignItemId : Designator=C14 Old DesignItemId=Capacitor (non-polarized) New DesignItemId=C0805
Change Component DesignItemId : Designator=C15 Old DesignItemId=Capacitor (non-polarized) New DesignItemId=C0805
Change Component DesignItemId : Designator=U10 Old DesignItemId=MAX232 New DesignItemId=SN74HC574NSR
Change Component DesignItemId : Designator=R90 Old DesignItemId=Resistor New DesignItemId=RES 0805 1K 1%
Change Component DesignItemId : Designator=U9 Old DesignItemId=SN4HC138N New DesignItemId=SN74HC574NSR
Change Component DesignItemId : Designator=U2 Old DesignItemId=SN74HC574NSR New DesignItemId=ATMEGA 32
Change Component DesignItemId : Designator=U1 Old DesignItemId=SN74HC574NSR New DesignItemId=MAX232
Change Component Footprint: Designator=R90 Old Footprint=0805 (2012) Capacitor New Footprint=R 0805 (2012) RESISTOR
Change Component Footprint: Designator=J12 Old Footprint=Male 2X1 New Footprint=Male 8x1
Change Component Footprint: Designator=J10 Old Footprint=Male 4x1 New Footprint=Male 8x1
Change Component Footprint: Designator=J11 Old Footprint=Male 5x2 New Footprint=Male 8x1
Change Component Footprint: Designator=U11 Old Footprint=Quad44 New Footprint=SOP16
Change Component Footprint: Designator=U9 Old Footprint=SOP16 New Footprint=TSSOP 20
Change Component Footprint: Designator=U10 Old Footprint=SOP16 New Footprint=TSSOP 20
Change Component Footprint: Designator=U2 Old Footprint=TSSOP 20 New Footprint=Quad44
Change Component Footprint: Designator=U1 Old Footprint=TSSOP 20 New Footprint=SOP16
Change Component Comment : Designator=C9 Old Comment=1uF New Comment=22pf
Change Component Comment : Designator=C5 Old Comment=1uF New Comment=C0805
Change Component Comment : Designator=J12 Old Comment=2x1 New Comment=8x1 Male Header Pin
Change Component Comment : Designator=J10 Old Comment=4x1 New Comment=8x1 Male Header Pin
Change Component Comment : Designator=J11 Old Comment=5x2 New Comment=8x1 Male Header Pin
Change Component Comment : Designator=J9 Old Comment=8x1 New Comment=8x1 Male Header Pin
Change Component Comment : Designator=J4 Old Comment=8x1 Male Header Pin New Comment=2x1
Change Component Comment : Designator=J2 Old Comment=8x1 Male Header Pin New Comment=4x1
Change Component Comment : Designator=J3 Old Comment=8x1 Male Header Pin New Comment=5x2
Change Component Comment : Designator=J1 Old Comment=8x1 Male Header Pin New Comment=8x1
Change Component Comment : Designator=C10 Old Comment=10uF New Comment=1uF
Change Component Comment : Designator=C14 Old Comment=10uF New Comment=C0805
Change Component Comment : Designator=C15 Old Comment=10uF New Comment=C0805
Change Component Comment : Designator=C7 Old Comment=22pf New Comment=1uF
Change Component Comment : Designator=C12 Old Comment=100uF New Comment=C0805
Change Component Comment : Designator=C13 Old Comment=100uF New Comment=C0805
Change Component Comment : Designator=C11 Old Comment=1000pF New Comment=C0805
Change Component Comment : Designator=U11 Old Comment=Atmega22 New Comment=SN74HC138N
Change Component Comment : Designator=C20 Old Comment=C0805 New Comment=10uF
Change Component Comment : Designator=C24 Old Comment=C0805 New Comment=10uF
Change Component Comment : Designator=C25 Old Comment=C0805 New Comment=10uF
Change Component Comment : Designator=C22 Old Comment=C0805 New Comment=100uF
Change Component Comment : Designator=C23 Old Comment=C0805 New Comment=100uF
Change Component Comment : Designator=C21 Old Comment=C0805 New Comment=1000pF
Change Component Comment : Designator=U10 Old Comment=MAX232 New Comment=SN74HC574NSR
Change Component Comment : Designator=U9 Old Comment=SN74HC138N New Comment=SN74HC574NSR
Change Component Comment : Designator=U2 Old Comment=SN74HC574NSR New Comment=Atmega22
Change Component Comment : Designator=U1 Old Comment=SN74HC574NSR New Comment=MAX232
Change Component Description : Designator=J4 Old Description=8x1 100mil Header New Description=2x1 100mil Header
Change Component Description : Designator=J2 Old Description=8x1 100mil Header New Description=4x1 100mil Header
Change Component Description : Designator=J3 Old Description=8x1 100mil Header New Description=5x2 100mil Header
Change Component Description : Designator=C5 Old Description=Capacitor New Description=Ceramic Chip Capacitor - Standard
Change Component Description : Designator=C11 Old Description=Capacitor New Description=Ceramic Chip Capacitor - Standard
Change Component Description : Designator=C12 Old Description=Capacitor New Description=Ceramic Chip Capacitor - Standard
Change Component Description : Designator=C13 Old Description=Capacitor New Description=Ceramic Chip Capacitor - Standard
Change Component Description : Designator=C14 Old Description=Capacitor New Description=Ceramic Chip Capacitor - Standard
Change Component Description : Designator=C15 Old Description=Capacitor New Description=Ceramic Chip Capacitor - Standard
Change Component Description : Designator=C20 Old Description=Ceramic Chip Capacitor - Standard New Description=Capacitor
Change Component Description : Designator=C21 Old Description=Ceramic Chip Capacitor - Standard New Description=Capacitor
Change Component Description : Designator=C22 Old Description=Ceramic Chip Capacitor - Standard New Description=Capacitor
Change Component Description : Designator=C23 Old Description=Ceramic Chip Capacitor - Standard New Description=Capacitor
Change Component Description : Designator=C24 Old Description=Ceramic Chip Capacitor - Standard New Description=Capacitor
Change Component Description : Designator=C25 Old Description=Ceramic Chip Capacitor - Standard New Description=Capacitor
Change Component Library : Designator=J9 Old Library=Headers.SchLib New Library=LEDCube.SchLib
Change Component Library : Designator=C20 Old Library=KEMET Chip Capacitor.IntLib New Library=PassiveComponents.SchLib
Change Component Library : Designator=C21 Old Library=KEMET Chip Capacitor.IntLib New Library=PassiveComponents.SchLib
Change Component Library : Designator=C22 Old Library=KEMET Chip Capacitor.IntLib New Library=PassiveComponents.SchLib
Change Component Library : Designator=C23 Old Library=KEMET Chip Capacitor.IntLib New Library=PassiveComponents.SchLib
Change Component Library : Designator=C24 Old Library=KEMET Chip Capacitor.IntLib New Library=PassiveComponents.SchLib
Change Component Library : Designator=C25 Old Library=KEMET Chip Capacitor.IntLib New Library=PassiveComponents.SchLib
Change Component Library : Designator=J1 Old Library=LEDCube.SchLib New Library=Headers.SchLib
Change Component Library : Designator=J2 Old Library=LEDCube.SchLib New Library=Headers.SchLib
Change Component Library : Designator=J3 Old Library=LEDCube.SchLib New Library=Headers.SchLib
Change Component Library : Designator=J4 Old Library=LEDCube.SchLib New Library=Headers.SchLib
Change Component Library : Designator=C5 Old Library=PassiveComponents.SchLib New Library=KEMET Chip Capacitor.IntLib
Change Component Library : Designator=C11 Old Library=PassiveComponents.SchLib New Library=KEMET Chip Capacitor.IntLib
Change Component Library : Designator=C12 Old Library=PassiveComponents.SchLib New Library=KEMET Chip Capacitor.IntLib
Change Component Library : Designator=C13 Old Library=PassiveComponents.SchLib New Library=KEMET Chip Capacitor.IntLib
Change Component Library : Designator=C14 Old Library=PassiveComponents.SchLib New Library=KEMET Chip Capacitor.IntLib
Change Component Library : Designator=C15 Old Library=PassiveComponents.SchLib New Library=KEMET Chip Capacitor.IntLib
Added Component: Designator=R98(0805 (2012) Capacitor)
Added Pin To Net: NetName=+5 Pin=C7-2
Added Pin To Net: NetName=GND Pin=C8-1
Added Pin To Net: NetName=XTAL2 Pin=C8-2
Added Pin To Net: NetName=XTAL1 Pin=C9-1
Added Pin To Net: NetName=GND Pin=C9-2
Added Pin To Net: NetName=+5 Pin=C10-2
Added Pin To Net: NetName=+5 Pin=C11-2
Added Pin To Net: NetName=GND Pin=C14-1
Added Pin To Net: NetName=+5 Pin=C14-2
Added Pin To Net: NetName=GND Pin=C15-1
Added Pin To Net: NetName=+5 Pin=C15-2
Added Pin To Net: NetName=SWITCH +12 Pin=C20-2
Added Pin To Net: NetName=SWITCH +12 Pin=C21-2
Added Pin To Net: NetName=+5 Pin=C24-1
Added Pin To Net: NetName=GND Pin=C24-2
Added Pin To Net: NetName=+5 Pin=C25-1
Added Pin To Net: NetName=GND Pin=C25-2
Added Pin To Net: NetName=T1OUT Pin=J2-1
Added Pin To Net: NetName=R1IN Pin=J2-2
Added Pin To Net: NetName=GND Pin=J2-4
Added Pin To Net: NetName=MOSI Pin=J3-1
Added Pin To Net: NetName=RESET Pin=J3-3
Added Pin To Net: NetName=SCK Pin=J3-4
Added Pin To Net: NetName=MISO Pin=J3-5
Added Pin To Net: NetName=VTG Pin=J3-6
Added Pin To Net: NetName=GND Pin=J3-7
Added Pin To Net: NetName=GND Pin=J3-8
Added Pin To Net: NetName=+5 Pin=J4-1
Added Pin To Net: NetName=VTG Pin=J4-2
Added Pin To Net: NetName=GND Pin=LED2-1
Added Pin To Net: NetName=+5 Pin=LED4-2
Added Pin To Net: NetName=NetJ1_1 Pin=Q1-3
Added Pin To Net: NetName=NetJ1_1 Pin=Q2-3
Added Pin To Net: NetName=NetJ1_2 Pin=Q3-3
Added Pin To Net: NetName=NetJ1_2 Pin=Q4-3
Added Pin To Net: NetName=NetJ1_3 Pin=Q5-3
Added Pin To Net: NetName=NetJ1_3 Pin=Q6-3
Added Pin To Net: NetName=NetJ1_4 Pin=Q7-3
Added Pin To Net: NetName=NetJ1_4 Pin=Q8-3
Added Pin To Net: NetName=NetJ1_5 Pin=Q9-3
Added Pin To Net: NetName=NetJ1_5 Pin=Q10-3
Added Pin To Net: NetName=NetJ1_6 Pin=Q11-3
Added Pin To Net: NetName=NetJ1_6 Pin=Q12-3
Added Pin To Net: NetName=NetJ1_7 Pin=Q13-3
Added Pin To Net: NetName=NetJ1_7 Pin=Q14-3
Added Pin To Net: NetName=NetJ1_8 Pin=Q15-3
Added Pin To Net: NetName=NetJ1_8 Pin=Q16-3
Added Pin To Net: NetName=LEVEL1 Pin=R1-1
Added Pin To Net: NetName=NetQ1_1 Pin=R1-2
Added Pin To Net: NetName=LEVEL1 Pin=R2-1
Added Pin To Net: NetName=NetQ2_1 Pin=R2-2
Added Pin To Net: NetName=LEVEL2 Pin=R3-1
Added Pin To Net: NetName=NetQ3_1 Pin=R3-2
Added Pin To Net: NetName=LEVEL2 Pin=R4-1
Added Pin To Net: NetName=NetQ4_1 Pin=R4-2
Added Pin To Net: NetName=LEVEL3 Pin=R5-1
Added Pin To Net: NetName=NetQ5_1 Pin=R5-2
Added Pin To Net: NetName=LEVEL3 Pin=R6-1
Added Pin To Net: NetName=NetQ6_1 Pin=R6-2
Added Pin To Net: NetName=LEVEL4 Pin=R7-1
Added Pin To Net: NetName=NetQ7_1 Pin=R7-2
Added Pin To Net: NetName=LEVEL4 Pin=R8-1
Added Pin To Net: NetName=NetQ8_1 Pin=R8-2
Added Pin To Net: NetName=LEVEL5 Pin=R9-1
Added Pin To Net: NetName=NetQ9_1 Pin=R9-2
Added Pin To Net: NetName=LEVEL5 Pin=R10-1
Added Pin To Net: NetName=NetQ10_1 Pin=R10-2
Added Pin To Net: NetName=LEVEL6 Pin=R11-1
Added Pin To Net: NetName=NetQ11_1 Pin=R11-2
Added Pin To Net: NetName=LEVEL6 Pin=R12-1
Added Pin To Net: NetName=NetQ12_1 Pin=R12-2
Added Pin To Net: NetName=LEVEL7 Pin=R13-1
Added Pin To Net: NetName=NetQ13_1 Pin=R13-2
Added Pin To Net: NetName=RESET Pin=R14-1
Added Pin To Net: NetName=+5 Pin=R14-2
Added Pin To Net: NetName=LEVEL7 Pin=R15-1
Added Pin To Net: NetName=NetQ14_1 Pin=R15-2
Added Pin To Net: NetName=232LED Pin=R16-1
Added Pin To Net: NetName=NetLED1_2 Pin=R16-2
Added Pin To Net: NetName=LEVEL8 Pin=R17-1
Added Pin To Net: NetName=NetQ15_1 Pin=R17-2
Added Pin To Net: NetName=INT0 Pin=R18-1
Added Pin To Net: NetName=LEVEL8 Pin=R19-1
Added Pin To Net: NetName=NetQ16_1 Pin=R19-2
Added Pin To Net: NetName=INT1 Pin=R20-1
Added Pin To Net: NetName=NetLED3_2 Pin=R20-2
Added Pin To Net: NetName=+5 Pin=R21-1
Added Pin To Net: NetName=NetJ1_1 Pin=R21-2
Added Pin To Net: NetName=+5 Pin=R22-1
Added Pin To Net: NetName=NetJ1_2 Pin=R22-2
Added Pin To Net: NetName=+5 Pin=R23-1
Added Pin To Net: NetName=NetJ1_3 Pin=R23-2
Added Pin To Net: NetName=+5 Pin=R24-1
Added Pin To Net: NetName=NetJ1_4 Pin=R24-2
Added Pin To Net: NetName=+5 Pin=R25-1
Added Pin To Net: NetName=NetJ1_5 Pin=R25-2
Added Pin To Net: NetName=+5 Pin=R26-1
Added Pin To Net: NetName=NetJ1_6 Pin=R26-2
Added Pin To Net: NetName=+5 Pin=R27-1
Added Pin To Net: NetName=NetJ1_7 Pin=R27-2
Added Pin To Net: NetName=+5 Pin=R28-1
Added Pin To Net: NetName=NetJ1_8 Pin=R28-2
Added Pin To Net: NetName=NetJ6_1 Pin=R29-2
Added Pin To Net: NetName=NetJ7_1 Pin=R30-2
Added Pin To Net: NetName=NetJ8_1 Pin=R31-2
Added Pin To Net: NetName=NetJ5_1 Pin=R32-2
Added Pin To Net: NetName=NetJ6_2 Pin=R33-2
Added Pin To Net: NetName=NetJ7_2 Pin=R34-2
Added Pin To Net: NetName=NetJ8_2 Pin=R35-2
Added Pin To Net: NetName=NetJ5_2 Pin=R36-2
Added Pin To Net: NetName=NetJ6_3 Pin=R37-2
Added Pin To Net: NetName=NetJ7_3 Pin=R38-2
Added Pin To Net: NetName=NetJ8_3 Pin=R39-2
Added Pin To Net: NetName=NetJ5_3 Pin=R40-2
Added Pin To Net: NetName=NetJ6_4 Pin=R41-2
Added Pin To Net: NetName=NetJ7_4 Pin=R42-2
Added Pin To Net: NetName=NetJ8_4 Pin=R43-2
Added Pin To Net: NetName=NetJ5_4 Pin=R44-2
Added Pin To Net: NetName=NetJ6_5 Pin=R45-2
Added Pin To Net: NetName=NetJ7_5 Pin=R46-2
Added Pin To Net: NetName=NetJ8_5 Pin=R47-2
Added Pin To Net: NetName=NetJ5_5 Pin=R48-2
Added Pin To Net: NetName=NetJ6_6 Pin=R49-2
Added Pin To Net: NetName=NetJ7_6 Pin=R50-2
Added Pin To Net: NetName=NetJ8_6 Pin=R51-2
Added Pin To Net: NetName=NetJ5_6 Pin=R52-2
Added Pin To Net: NetName=NetJ6_7 Pin=R53-2
Added Pin To Net: NetName=NetJ7_7 Pin=R54-2
Added Pin To Net: NetName=NetJ8_7 Pin=R55-2
Added Pin To Net: NetName=NetJ5_7 Pin=R56-2
Added Pin To Net: NetName=NetJ6_8 Pin=R57-2
Added Pin To Net: NetName=NetJ7_8 Pin=R58-2
Added Pin To Net: NetName=NetJ8_8 Pin=R59-2
Added Pin To Net: NetName=NetJ5_8 Pin=R60-2
Added Pin To Net: NetName=NetJ9_1 Pin=R63-2
Added Pin To Net: NetName=NetJ9_2 Pin=R67-2
Added Pin To Net: NetName=NetJ9_3 Pin=R71-2
Added Pin To Net: NetName=NetJ9_4 Pin=R75-2
Added Pin To Net: NetName=NetJ9_5 Pin=R79-2
Added Pin To Net: NetName=NetJ9_6 Pin=R83-2
Added Pin To Net: NetName=NetJ9_7 Pin=R87-2
Added Pin To Net: NetName=NetJ9_8 Pin=R91-2
Added Pin To Net: NetName=GND Pin=R98-2
Added Pin To Net: NetName=C1+ Pin=U1-1
Added Pin To Net: NetName=VS+ Pin=U1-2
Added Pin To Net: NetName=C1- Pin=U1-3
Added Pin To Net: NetName=C2+ Pin=U1-4
Added Pin To Net: NetName=C2- Pin=U1-5
Added Pin To Net: NetName=VS- Pin=U1-6
Added Pin To Net: NetName=RXD Pin=U1-11
Added Pin To Net: NetName=TXD Pin=U1-12
Added Pin To Net: NetName=R1IN Pin=U1-13
Added Pin To Net: NetName=T1OUT Pin=U1-14
Added Pin To Net: NetName=GND Pin=U1-15
Added Pin To Net: NetName=+5 Pin=U1-16
Added Pin To Net: NetName=MOSI Pin=U2-1
Added Pin To Net: NetName=MISO Pin=U2-2
Added Pin To Net: NetName=SCK Pin=U2-3
Added Pin To Net: NetName=RESET Pin=U2-4
Added Pin To Net: NetName=+5 Pin=U2-5
Added Pin To Net: NetName=GND Pin=U2-6
Added Pin To Net: NetName=XTAL2 Pin=U2-7
Added Pin To Net: NetName=XTAL1 Pin=U2-8
Added Pin To Net: NetName=RXD Pin=U2-9
Added Pin To Net: NetName=TXD Pin=U2-10
Added Pin To Net: NetName=INT0 Pin=U2-11
Added Pin To Net: NetName=INT1 Pin=U2-12
Added Pin To Net: NetName=232LED Pin=U2-13
Added Pin To Net: NetName=RS232SW Pin=U2-14
Added Pin To Net: NetName=+5 Pin=U2-17
Added Pin To Net: NetName=GND Pin=U2-18
Added Pin To Net: NetName=LEVEL1 Pin=U2-19
Added Pin To Net: NetName=LEVEL2 Pin=U2-20
Added Pin To Net: NetName=LEVEL3 Pin=U2-21
Added Pin To Net: NetName=LEVEL4 Pin=U2-22
Added Pin To Net: NetName=LEVEL5 Pin=U2-23
Added Pin To Net: NetName=LEVEL6 Pin=U2-24
Added Pin To Net: NetName=LEVEL7 Pin=U2-25
Added Pin To Net: NetName=LEVEL8 Pin=U2-26
Added Pin To Net: NetName=+5 Pin=U2-27
Added Pin To Net: NetName=GND Pin=U2-28
Added Pin To Net: NetName=+5 Pin=U2-29
Added Pin To Net: NetName=LINE8 Pin=U2-30
Added Pin To Net: NetName=LINE7 Pin=U2-31
Added Pin To Net: NetName=LINE6 Pin=U2-32
Added Pin To Net: NetName=LINE5 Pin=U2-33
Added Pin To Net: NetName=LINE4 Pin=U2-34
Added Pin To Net: NetName=LINE3 Pin=U2-35
Added Pin To Net: NetName=LINE2 Pin=U2-36
Added Pin To Net: NetName=LINE1 Pin=U2-37
Added Pin To Net: NetName=+5 Pin=U2-38
Added Pin To Net: NetName=GND Pin=U2-39
Added Pin To Net: NetName=A0 Pin=U2-40
Added Pin To Net: NetName=A1 Pin=U2-41
Added Pin To Net: NetName=A2 Pin=U2-42
Added Pin To Net: NetName=LINE0 Pin=U2-43
Added Pin To Net: NetName=Y0 Pin=U3-11
Added Pin To Net: NetName=NetR60_1 Pin=U3-12
Added Pin To Net: NetName=NetR56_1 Pin=U3-13
Added Pin To Net: NetName=NetR52_1 Pin=U3-14
Added Pin To Net: NetName=NetR48_1 Pin=U3-15
Added Pin To Net: NetName=NetR44_1 Pin=U3-16
Added Pin To Net: NetName=NetR40_1 Pin=U3-17
Added Pin To Net: NetName=NetR36_1 Pin=U3-18
Added Pin To Net: NetName=NetR32_1 Pin=U3-19
Added Pin To Net: NetName=Y1 Pin=U4-11
Added Pin To Net: NetName=NetR57_1 Pin=U4-12
Added Pin To Net: NetName=NetR53_1 Pin=U4-13
Added Pin To Net: NetName=NetR49_1 Pin=U4-14
Added Pin To Net: NetName=NetR45_1 Pin=U4-15
Added Pin To Net: NetName=NetR41_1 Pin=U4-16
Added Pin To Net: NetName=NetR37_1 Pin=U4-17
Added Pin To Net: NetName=NetR33_1 Pin=U4-18
Added Pin To Net: NetName=NetR29_1 Pin=U4-19
Added Pin To Net: NetName=Y2 Pin=U5-11
Added Pin To Net: NetName=NetR58_1 Pin=U5-12
Added Pin To Net: NetName=NetR54_1 Pin=U5-13
Added Pin To Net: NetName=NetR50_1 Pin=U5-14
Added Pin To Net: NetName=NetR46_1 Pin=U5-15
Added Pin To Net: NetName=NetR42_1 Pin=U5-16
Added Pin To Net: NetName=NetR38_1 Pin=U5-17
Added Pin To Net: NetName=NetR34_1 Pin=U5-18
Added Pin To Net: NetName=NetR30_1 Pin=U5-19
Added Pin To Net: NetName=Y3 Pin=U6-11
Added Pin To Net: NetName=NetR59_1 Pin=U6-12
Added Pin To Net: NetName=NetR55_1 Pin=U6-13
Added Pin To Net: NetName=NetR51_1 Pin=U6-14
Added Pin To Net: NetName=NetR47_1 Pin=U6-15
Added Pin To Net: NetName=NetR43_1 Pin=U6-16
Added Pin To Net: NetName=NetR39_1 Pin=U6-17
Added Pin To Net: NetName=NetR35_1 Pin=U6-18
Added Pin To Net: NetName=NetR31_1 Pin=U6-19
Added Pin To Net: NetName=Y4 Pin=U7-11
Added Pin To Net: NetName=NetR63_1 Pin=U7-19
Added Pin To Net: NetName=Y5 Pin=U8-11
Added Pin To Net: NetName=NetR64_1 Pin=U8-19
Added Pin To Net: NetName=LINE0 Pin=U9-1
Added Pin To Net: NetName=LINE1 Pin=U9-2
Added Pin To Net: NetName=LINE2 Pin=U9-3
Added Pin To Net: NetName=LINE3 Pin=U9-4
Added Pin To Net: NetName=LINE4 Pin=U9-5
Added Pin To Net: NetName=LINE5 Pin=U9-6
Added Pin To Net: NetName=LINE6 Pin=U9-7
Added Pin To Net: NetName=LINE7 Pin=U9-8
Added Pin To Net: NetName=LINE8 Pin=U9-9
Added Pin To Net: NetName=GND Pin=U9-10
Added Pin To Net: NetName=Y6 Pin=U9-11
Added Pin To Net: NetName=NetR61_1 Pin=U9-19
Added Pin To Net: NetName=+5 Pin=U9-20
Added Pin To Net: NetName=LINE0 Pin=U10-1
Added Pin To Net: NetName=LINE1 Pin=U10-2
Added Pin To Net: NetName=LINE2 Pin=U10-3
Added Pin To Net: NetName=LINE3 Pin=U10-4
Added Pin To Net: NetName=LINE4 Pin=U10-5
Added Pin To Net: NetName=LINE5 Pin=U10-6
Added Pin To Net: NetName=LINE6 Pin=U10-7
Added Pin To Net: NetName=LINE7 Pin=U10-8
Added Pin To Net: NetName=LINE8 Pin=U10-9
Added Pin To Net: NetName=GND Pin=U10-10
Added Pin To Net: NetName=Y7 Pin=U10-11
Added Pin To Net: NetName=NetR62_1 Pin=U10-19
Added Pin To Net: NetName=+5 Pin=U10-20
Added Pin To Net: NetName=A0 Pin=U11-1
Added Pin To Net: NetName=A1 Pin=U11-2
Added Pin To Net: NetName=A2 Pin=U11-3
Added Pin To Net: NetName=GND Pin=U11-4
Added Pin To Net: NetName=GND Pin=U11-5
Added Pin To Net: NetName=+5 Pin=U11-6
Added Pin To Net: NetName=Y7 Pin=U11-7
Added Pin To Net: NetName=GND Pin=U11-8
Added Pin To Net: NetName=Y6 Pin=U11-9
Added Pin To Net: NetName=Y5 Pin=U11-10
Added Pin To Net: NetName=Y4 Pin=U11-11
Added Pin To Net: NetName=Y3 Pin=U11-12
Added Pin To Net: NetName=Y2 Pin=U11-13
Added Pin To Net: NetName=Y1 Pin=U11-14
Added Pin To Net: NetName=Y0 Pin=U11-15
Added Pin To Net: NetName=+5 Pin=U11-16
Added Pin To Net: NetName=NetJ10_1 Pin=J10-1
Added Pin To Net: NetName=NetJ10_1 Pin=R64-2
Added Net: Name=NetJ10_1
Added Pin To Net: NetName=NetJ10_2 Pin=J10-2
Added Pin To Net: NetName=NetJ10_2 Pin=R68-2
Added Net: Name=NetJ10_2
Added Pin To Net: NetName=NetJ10_3 Pin=J10-3
Added Pin To Net: NetName=NetJ10_3 Pin=R72-2
Added Net: Name=NetJ10_3
Added Pin To Net: NetName=NetJ10_4 Pin=J10-4
Added Pin To Net: NetName=NetJ10_4 Pin=R76-2
Added Net: Name=NetJ10_4
Added Pin To Net: NetName=NetJ10_5 Pin=J10-5
Added Pin To Net: NetName=NetJ10_5 Pin=R80-2
Added Net: Name=NetJ10_5
Added Pin To Net: NetName=NetJ10_6 Pin=J10-6
Added Pin To Net: NetName=NetJ10_6 Pin=R84-2
Added Net: Name=NetJ10_6
Added Pin To Net: NetName=NetJ10_7 Pin=J10-7
Added Pin To Net: NetName=NetJ10_7 Pin=R88-2
Added Net: Name=NetJ10_7
Added Pin To Net: NetName=NetJ10_8 Pin=J10-8
Added Pin To Net: NetName=NetJ10_8 Pin=R92-2
Added Net: Name=NetJ10_8
Added Pin To Net: NetName=NetJ11_1 Pin=J11-1
Added Pin To Net: NetName=NetJ11_1 Pin=R61-2
Added Net: Name=NetJ11_1
Added Pin To Net: NetName=NetJ11_2 Pin=J11-2
Added Pin To Net: NetName=NetJ11_2 Pin=R65-2
Added Net: Name=NetJ11_2
Added Pin To Net: NetName=NetJ11_3 Pin=J11-3
Added Pin To Net: NetName=NetJ11_3 Pin=R69-2
Added Net: Name=NetJ11_3
Added Pin To Net: NetName=NetJ11_4 Pin=J11-4
Added Pin To Net: NetName=NetJ11_4 Pin=R73-2
Added Net: Name=NetJ11_4
Added Pin To Net: NetName=NetJ11_5 Pin=J11-5
Added Pin To Net: NetName=NetJ11_5 Pin=R77-2
Added Net: Name=NetJ11_5
Added Pin To Net: NetName=NetJ11_6 Pin=J11-6
Added Pin To Net: NetName=NetJ11_6 Pin=R81-2
Added Net: Name=NetJ11_6
Added Pin To Net: NetName=NetJ11_7 Pin=J11-7
Added Pin To Net: NetName=NetJ11_7 Pin=R85-2
Added Net: Name=NetJ11_7
Added Pin To Net: NetName=NetJ11_8 Pin=J11-8
Added Pin To Net: NetName=NetJ11_8 Pin=R89-2
Added Net: Name=NetJ11_8
Added Pin To Net: NetName=NetJ12_1 Pin=J12-1
Added Pin To Net: NetName=NetJ12_1 Pin=R62-2
Added Net: Name=NetJ12_1
Added Pin To Net: NetName=NetJ12_2 Pin=J12-2
Added Pin To Net: NetName=NetJ12_2 Pin=R66-2
Added Net: Name=NetJ12_2
Added Pin To Net: NetName=NetJ12_3 Pin=J12-3
Added Pin To Net: NetName=NetJ12_3 Pin=R70-2
Added Net: Name=NetJ12_3
Added Pin To Net: NetName=NetJ12_4 Pin=J12-4
Added Pin To Net: NetName=NetJ12_4 Pin=R74-2
Added Net: Name=NetJ12_4
Added Pin To Net: NetName=NetJ12_5 Pin=J12-5
Added Pin To Net: NetName=NetJ12_5 Pin=R78-2
Added Net: Name=NetJ12_5
Added Pin To Net: NetName=NetJ12_6 Pin=J12-6
Added Pin To Net: NetName=NetJ12_6 Pin=R82-2
Added Net: Name=NetJ12_6
Added Pin To Net: NetName=NetJ12_7 Pin=J12-7
Added Pin To Net: NetName=NetJ12_7 Pin=R86-2
Added Net: Name=NetJ12_7
Added Pin To Net: NetName=NetJ12_8 Pin=J12-8
Added Pin To Net: NetName=NetJ12_8 Pin=R90-2
Added Net: Name=NetJ12_8
Added Pin To Net: NetName=NetLED2_2 Pin=LED2-2
Added Pin To Net: NetName=NetLED2_2 Pin=R18-2
Added Net: Name=NetLED2_2
Added Pin To Net: NetName=NetLED4_1 Pin=LED4-1
Added Pin To Net: NetName=NetLED4_1 Pin=R98-1
Added Net: Name=NetLED4_1
Added Pin To Net: NetName=NetR65_1 Pin=R65-1
Added Pin To Net: NetName=NetR65_1 Pin=U9-18
Added Net: Name=NetR65_1
Added Pin To Net: NetName=NetR66_1 Pin=R66-1
Added Pin To Net: NetName=NetR66_1 Pin=U10-18
Added Net: Name=NetR66_1
Added Pin To Net: NetName=NetR67_1 Pin=R67-1
Added Pin To Net: NetName=NetR67_1 Pin=U7-18
Added Net: Name=NetR67_1
Added Pin To Net: NetName=NetR68_1 Pin=R68-1
Added Pin To Net: NetName=NetR68_1 Pin=U8-18
Added Net: Name=NetR68_1
Added Pin To Net: NetName=NetR69_1 Pin=R69-1
Added Pin To Net: NetName=NetR69_1 Pin=U9-17
Added Net: Name=NetR69_1
Added Pin To Net: NetName=NetR70_1 Pin=R70-1
Added Pin To Net: NetName=NetR70_1 Pin=U10-17
Added Net: Name=NetR70_1
Added Pin To Net: NetName=NetR71_1 Pin=R71-1
Added Pin To Net: NetName=NetR71_1 Pin=U7-17
Added Net: Name=NetR71_1
Added Pin To Net: NetName=NetR72_1 Pin=R72-1
Added Pin To Net: NetName=NetR72_1 Pin=U8-17
Added Net: Name=NetR72_1
Added Pin To Net: NetName=NetR73_1 Pin=R73-1
Added Pin To Net: NetName=NetR73_1 Pin=U9-16
Added Net: Name=NetR73_1
Added Pin To Net: NetName=NetR74_1 Pin=R74-1
Added Pin To Net: NetName=NetR74_1 Pin=U10-16
Added Net: Name=NetR74_1
Added Pin To Net: NetName=NetR75_1 Pin=R75-1
Added Pin To Net: NetName=NetR75_1 Pin=U7-16
Added Net: Name=NetR75_1
Added Pin To Net: NetName=NetR76_1 Pin=R76-1
Added Pin To Net: NetName=NetR76_1 Pin=U8-16
Added Net: Name=NetR76_1
Added Pin To Net: NetName=NetR77_1 Pin=R77-1
Added Pin To Net: NetName=NetR77_1 Pin=U9-15
Added Net: Name=NetR77_1
Added Pin To Net: NetName=NetR78_1 Pin=R78-1
Added Pin To Net: NetName=NetR78_1 Pin=U10-15
Added Net: Name=NetR78_1
Added Pin To Net: NetName=NetR79_1 Pin=R79-1
Added Pin To Net: NetName=NetR79_1 Pin=U7-15
Added Net: Name=NetR79_1
Added Pin To Net: NetName=NetR80_1 Pin=R80-1
Added Pin To Net: NetName=NetR80_1 Pin=U8-15
Added Net: Name=NetR80_1
Added Pin To Net: NetName=NetR81_1 Pin=R81-1
Added Pin To Net: NetName=NetR81_1 Pin=U9-14
Added Net: Name=NetR81_1
Added Pin To Net: NetName=NetR82_1 Pin=R82-1
Added Pin To Net: NetName=NetR82_1 Pin=U10-14
Added Net: Name=NetR82_1
Added Pin To Net: NetName=NetR83_1 Pin=R83-1
Added Pin To Net: NetName=NetR83_1 Pin=U7-14
Added Net: Name=NetR83_1
Added Pin To Net: NetName=NetR84_1 Pin=R84-1
Added Pin To Net: NetName=NetR84_1 Pin=U8-14
Added Net: Name=NetR84_1
Added Pin To Net: NetName=NetR85_1 Pin=R85-1
Added Pin To Net: NetName=NetR85_1 Pin=U9-13
Added Net: Name=NetR85_1
Added Pin To Net: NetName=NetR86_1 Pin=R86-1
Added Pin To Net: NetName=NetR86_1 Pin=U10-13
Added Net: Name=NetR86_1
Added Pin To Net: NetName=NetR87_1 Pin=R87-1
Added Pin To Net: NetName=NetR87_1 Pin=U7-13
Added Net: Name=NetR87_1
Added Pin To Net: NetName=NetR88_1 Pin=R88-1
Added Pin To Net: NetName=NetR88_1 Pin=U8-13
Added Net: Name=NetR88_1
Added Pin To Net: NetName=NetR89_1 Pin=R89-1
Added Pin To Net: NetName=NetR89_1 Pin=U9-12
Added Net: Name=NetR89_1
Added Pin To Net: NetName=NetR90_1 Pin=R90-1
Added Pin To Net: NetName=NetR90_1 Pin=U10-12
Added Net: Name=NetR90_1
Added Pin To Net: NetName=NetR91_1 Pin=R91-1
Added Pin To Net: NetName=NetR91_1 Pin=U7-12
Added Net: Name=NetR91_1
Added Pin To Net: NetName=NetR92_1 Pin=R92-1
Added Pin To Net: NetName=NetR92_1 Pin=U8-12
Added Net: Name=NetR92_1
Added Member To Class: ClassName=LEDMicro Member=Component C10 1uF
Added Member To Class: ClassName=LEDMulti Member=Component C11 C0805
Added Member To Class: ClassName=LEDMulti Member=Component C12 C0805
Added Member To Class: ClassName=LEDMulti Member=Component C13 C0805
Added Member To Class: ClassName=LEDMulti Member=Component C14 C0805
Added Member To Class: ClassName=LEDMulti Member=Component C15 C0805
Added Member To Class: ClassName=LEDMulti Member=Component C16 C0805
Added Member To Class: ClassName=LEDPower Member=Component C20 10uF
Added Member To Class: ClassName=LEDPower Member=Component C21 1000pF
Added Member To Class: ClassName=LEDPower Member=Component C22 100uF
Added Member To Class: ClassName=LEDPower Member=Component C23 100uF
Added Member To Class: ClassName=LEDPower Member=Component C24 10uF
Added Member To Class: ClassName=LEDPower Member=Component C25 10uF
Added Member To Class: ClassName=LEDMicro Member=Component J1 8x1
Added Member To Class: ClassName=LEDMicro Member=Component J2 4x1
Added Member To Class: ClassName=LEDMicro Member=Component J3 5x2
Added Member To Class: ClassName=LEDMicro Member=Component J4 2x1
Added Member To Class: ClassName=LEDMulti Member=Component J9 8x1 Male Header Pin
Added Member To Class: ClassName=LEDMulti Member=Component J10 8x1 Male Header Pin
Added Member To Class: ClassName=LEDMulti Member=Component J11 8x1 Male Header Pin
Added Member To Class: ClassName=LEDMulti Member=Component J12 8x1 Male Header Pin
Added Member To Class: ClassName=LEDMicro Member=Component LED2 LED
Added Member To Class: ClassName=LEDPower Member=Component LED4 LED
Added Member To Class: ClassName=LEDMicro Member=Component R1 1K
Added Member To Class: ClassName=LEDMicro Member=Component R2 1K
Added Member To Class: ClassName=LEDMicro Member=Component R3 1K
Added Member To Class: ClassName=LEDMicro Member=Component R4 1K
Added Member To Class: ClassName=LEDMicro Member=Component R5 1K
Added Member To Class: ClassName=LEDMicro Member=Component R6 1K
Added Member To Class: ClassName=LEDMicro Member=Component R7 1K
Added Member To Class: ClassName=LEDMicro Member=Component R8 1K
Added Member To Class: ClassName=LEDMicro Member=Component R9 1K
Added Member To Class: ClassName=LEDMicro Member=Component R10 1K
Added Member To Class: ClassName=LEDMicro Member=Component R11 1K
Added Member To Class: ClassName=LEDMicro Member=Component R12 1K
Added Member To Class: ClassName=LEDMicro Member=Component R13 1K
Added Member To Class: ClassName=LEDMicro Member=Component R14 1K
Added Member To Class: ClassName=LEDMicro Member=Component R15 1K
Added Member To Class: ClassName=LEDMicro Member=Component R16 1K
Added Member To Class: ClassName=LEDMicro Member=Component R17 1K
Added Member To Class: ClassName=LEDMicro Member=Component R18 1K
Added Member To Class: ClassName=LEDMicro Member=Component R19 1K
Added Member To Class: ClassName=LEDMicro Member=Component R20 1K
Added Member To Class: ClassName=LEDMicro Member=Component R21 1K
Added Member To Class: ClassName=LEDMicro Member=Component R22 1K
Added Member To Class: ClassName=LEDMicro Member=Component R23 1K
Added Member To Class: ClassName=LEDMicro Member=Component R24 1K
Added Member To Class: ClassName=LEDMicro Member=Component R25 1K
Added Member To Class: ClassName=LEDMicro Member=Component R26 1K
Added Member To Class: ClassName=LEDMicro Member=Component R27 1K
Added Member To Class: ClassName=LEDMicro Member=Component R28 1K
Added Member To Class: ClassName=LEDMulti Member=Component R65 1K
Added Member To Class: ClassName=LEDMulti Member=Component R66 1K
Added Member To Class: ClassName=LEDMulti Member=Component R67 1K
Added Member To Class: ClassName=LEDMulti Member=Component R68 1K
Added Member To Class: ClassName=LEDMulti Member=Component R69 1K
Added Member To Class: ClassName=LEDMulti Member=Component R70 1K
Added Member To Class: ClassName=LEDMulti Member=Component R71 1K
Added Member To Class: ClassName=LEDMulti Member=Component R72 1K
Added Member To Class: ClassName=LEDMulti Member=Component R73 1K
Added Member To Class: ClassName=LEDMulti Member=Component R74 1K
Added Member To Class: ClassName=LEDMulti Member=Component R75 1K
Added Member To Class: ClassName=LEDMulti Member=Component R76 1K
Added Member To Class: ClassName=LEDMulti Member=Component R77 1K
Added Member To Class: ClassName=LEDMulti Member=Component R78 1K
Added Member To Class: ClassName=LEDMulti Member=Component R79 1K
Added Member To Class: ClassName=LEDMulti Member=Component R80 1K
Added Member To Class: ClassName=LEDMulti Member=Component R81 1K
Added Member To Class: ClassName=LEDMulti Member=Component R82 1K
Added Member To Class: ClassName=LEDMulti Member=Component R83 1K
Added Member To Class: ClassName=LEDMulti Member=Component R84 1K
Added Member To Class: ClassName=LEDMulti Member=Component R85 1K
Added Member To Class: ClassName=LEDMulti Member=Component R86 1K
Added Member To Class: ClassName=LEDMulti Member=Component R87 1K
Added Member To Class: ClassName=LEDMulti Member=Component R88 1K
Added Member To Class: ClassName=LEDMulti Member=Component R89 1K
Added Member To Class: ClassName=LEDMulti Member=Component R90 1K
Added Member To Class: ClassName=LEDMulti Member=Component R91 1K
Added Member To Class: ClassName=LEDMulti Member=Component R92 1K
Added Member To Class: ClassName=LEDPower Member=Component R98 1K
Added Member To Class: ClassName=LEDMicro Member=Component U1 MAX232
Added Member To Class: ClassName=LEDMicro Member=Component U2 Atmega22
Added Member To Class: ClassName=LEDMulti Member=Component U10 SN74HC574NSR
Added Member To Class: ClassName=LEDMulti Member=Component U11 SN74HC138N
Added Member To Class: ClassName=LEDPower Member=Component U12 LMZ12003
