Change Component Designator: OldDesignator=U? NewDesignator=U10
Added Component: Designator=C10(1210)
Added Component: Designator=C11(1210)
Added Component: Designator=C12(0805)
Added Component: Designator=C13(0805)
Added Component: Designator=C14(0805)
Added Component: Designator=C15(0805)
Added Pin To Net: NetName=GND Pin=C10-1
Added Pin To Net: NetName=+5 Pin=C10-2
Added Pin To Net: NetName=GND Pin=C11-1
Added Pin To Net: NetName=+5 Pin=C11-2
Added Pin To Net: NetName=GND Pin=C12-1
Added Pin To Net: NetName=+5 Pin=C12-2
Added Pin To Net: NetName=GND Pin=C13-1
Added Pin To Net: NetName=+5 Pin=C13-2
Added Pin To Net: NetName=GND Pin=C14-1
Added Pin To Net: NetName=+5 Pin=C14-2
Added Pin To Net: NetName=GND Pin=C15-1
Added Pin To Net: NetName=+5 Pin=C15-2
Added Member To Class: ClassName=Power Member=Component C10 C1210
Added Member To Class: ClassName=Power Member=Component C11 C1210
Added Member To Class: ClassName=Power Member=Component C12 C0805
Added Member To Class: ClassName=Power Member=Component C13 C0805
Added Member To Class: ClassName=Power Member=Component C14 C0805
Added Member To Class: ClassName=Power Member=Component C15 C0805
