Removed Pin From Net: NetName=+5 Pin=C10-2
Removed Pin From Net: NetName=+5 Pin=C11-2
Removed Pin From Net: NetName=GND Pin=C14-1
Removed Pin From Net: NetName=+5 Pin=C14-2
Removed Pin From Net: NetName=GND Pin=C15-1
Removed Pin From Net: NetName=+5 Pin=C15-2
Removed Pin From Net: NetName=+12 Pin=S3-2
Removed Pin From Net: NetName=A0 Pin=U9-1
Removed Pin From Net: NetName=A1 Pin=U9-2
Removed Pin From Net: NetName=A2 Pin=U9-3
Removed Pin From Net: NetName=LINE8 Pin=U11-30
Removed Pin From Net: NetName=LINE7 Pin=U11-31
Removed Pin From Net: NetName=LINE5 Pin=U11-33
Removed Pin From Net: NetName=LINE4 Pin=U11-34
Removed Pin From Net: NetName=LINE3 Pin=U11-35
Removed Pin From Net: NetName=LINE2 Pin=U11-36
Removed Pin From Net: NetName=LINE1 Pin=U11-37
Removed Pin From Net: NetName=LINE0 Pin=U11-43
Removed Pin From Net: NetName=GND Pin=U12-2
Removed Pin From Net: NetName=+5 Pin=U12-3
Removed Member From Class: ClassName=Power Member=S3
Change Component DesignItemId : Designator=C12 Old DesignItemId=C0805 New DesignItemId=Capacitor (non-polarized)
Change Component DesignItemId : Designator=C13 Old DesignItemId=C0805 New DesignItemId=Capacitor (non-polarized)
Change Component DesignItemId : Designator=C14 Old DesignItemId=C0805 New DesignItemId=Capacitor (non-polarized)
Change Component DesignItemId : Designator=C15 Old DesignItemId=C0805 New DesignItemId=Capacitor (non-polarized)
Change Component DesignItemId : Designator=C10 Old DesignItemId=C1210 New DesignItemId=Capacitor (non-polarized)
Change Component DesignItemId : Designator=C11 Old DesignItemId=C1210 New DesignItemId=Capacitor (non-polarized)
Change Component DesignItemId : Designator=U12 Old DesignItemId=UCC383TDKTTT-5 New DesignItemId=LMZ12003
Change Component Footprint: Designator=C14 Old Footprint=0805 New Footprint=0805 (2012) Capacitor
Change Component Footprint: Designator=C15 Old Footprint=0805 New Footprint=0805 (2012) Capacitor
Change Component Footprint: Designator=C12 Old Footprint=0805 New Footprint=1210 (3225) Capacitor
Change Component Footprint: Designator=C13 Old Footprint=0805 New Footprint=1210 (3225) Capacitor
Change Component Footprint: Designator=C10 Old Footprint=1210 New Footprint=0805 (2012) Capacitor
Change Component Footprint: Designator=C11 Old Footprint=1210 New Footprint=0805 (2012) Capacitor
Change Component Footprint: Designator=U12 Old Footprint=DDPAK/TO-263 New Footprint=7-Lead PFM
Change Component Comment : Designator=C14 Old Comment=C0805 New Comment=10uF
Change Component Comment : Designator=C15 Old Comment=C0805 New Comment=10uF
Change Component Comment : Designator=C12 Old Comment=C0805 New Comment=100uF
Change Component Comment : Designator=C13 Old Comment=C0805 New Comment=100uF
Change Component Comment : Designator=C10 Old Comment=C1210 New Comment=10uF
Change Component Comment : Designator=C11 Old Comment=C1210 New Comment=1000pF
Change Component Comment : Designator=U12 Old Comment=UCC383TDKTTT-5 New Comment=LMZ12003
