Added Component: Designator=R1(R 0805 (2012) RESISTOR)
Added Component: Designator=R2(R 0805 (2012) RESISTOR)
Added Component: Designator=R3(R 0805 (2012) RESISTOR)
Added Component: Designator=R4(R 0805 (2012) RESISTOR)
Added Component: Designator=R5(R 0805 (2012) RESISTOR)
Added Component: Designator=R6(R 0805 (2012) RESISTOR)
Added Component: Designator=R7(R 0805 (2012) RESISTOR)
Added Component: Designator=R8(R 0805 (2012) RESISTOR)
Added Component: Designator=R9(R 0805 (2012) RESISTOR)
Added Component: Designator=R10(R 0805 (2012) RESISTOR)
Added Component: Designator=R11(R 0805 (2012) RESISTOR)
Added Component: Designator=R12(R 0805 (2012) RESISTOR)
Added Component: Designator=R13(R 0805 (2012) RESISTOR)
Added Component: Designator=R14(R 0805 (2012) RESISTOR)
Added Component: Designator=R15(R 0805 (2012) RESISTOR)
Added Component: Designator=R16(R 0805 (2012) RESISTOR)
Added Component: Designator=R17(R 0805 (2012) RESISTOR)
Added Component: Designator=R18(R 0805 (2012) RESISTOR)
Added Component: Designator=R19(R 0805 (2012) RESISTOR)
Added Component: Designator=R20(R 0805 (2012) RESISTOR)
Added Component: Designator=R21(R 0805 (2012) RESISTOR)
Added Component: Designator=R22(R 0805 (2012) RESISTOR)
Added Component: Designator=R23(R 0805 (2012) RESISTOR)
Added Component: Designator=R24(R 0805 (2012) RESISTOR)
Added Component: Designator=R25(R 0805 (2012) RESISTOR)
Added Component: Designator=R26(R 0805 (2012) RESISTOR)
Added Component: Designator=R27(R 0805 (2012) RESISTOR)
Added Component: Designator=R28(R 0805 (2012) RESISTOR)
Added Component: Designator=R29(R 0805 (2012) RESISTOR)
Added Component: Designator=R30(R 0805 (2012) RESISTOR)
Added Component: Designator=R31(R 0805 (2012) RESISTOR)
Added Component: Designator=R32(R 0805 (2012) RESISTOR)
Added Component: Designator=R33(R 0805 (2012) RESISTOR)
Added Component: Designator=R34(R 0805 (2012) RESISTOR)
Added Component: Designator=R35(R 0805 (2012) RESISTOR)
Added Component: Designator=R36(R 0805 (2012) RESISTOR)
Added Component: Designator=R37(R 0805 (2012) RESISTOR)
Added Component: Designator=R38(R 0805 (2012) RESISTOR)
Added Component: Designator=R39(R 0805 (2012) RESISTOR)
Added Component: Designator=R40(R 0805 (2012) RESISTOR)
Added Component: Designator=R41(R 0805 (2012) RESISTOR)
Added Component: Designator=R42(R 0805 (2012) RESISTOR)
Added Component: Designator=R43(R 0805 (2012) RESISTOR)
Added Component: Designator=R44(R 0805 (2012) RESISTOR)
Added Component: Designator=R45(R 0805 (2012) RESISTOR)
Added Component: Designator=R46(R 0805 (2012) RESISTOR)
Added Component: Designator=R47(R 0805 (2012) RESISTOR)
Added Component: Designator=R48(R 0805 (2012) RESISTOR)
Added Component: Designator=R49(R 0805 (2012) RESISTOR)
Added Component: Designator=R50(R 0805 (2012) RESISTOR)
Added Component: Designator=R51(R 0805 (2012) RESISTOR)
Added Component: Designator=R52(R 0805 (2012) RESISTOR)
Added Component: Designator=R53(R 0805 (2012) RESISTOR)
Added Component: Designator=R54(R 0805 (2012) RESISTOR)
Added Component: Designator=R55(R 0805 (2012) RESISTOR)
Added Component: Designator=R56(R 0805 (2012) RESISTOR)
Added Component: Designator=R57(R 0805 (2012) RESISTOR)
Added Component: Designator=R58(R 0805 (2012) RESISTOR)
Added Component: Designator=R59(R 0805 (2012) RESISTOR)
Added Component: Designator=R60(R 0805 (2012) RESISTOR)
Added Component: Designator=R61(R 0805 (2012) RESISTOR)
Added Component: Designator=R62(R 0805 (2012) RESISTOR)
Added Component: Designator=R63(R 0805 (2012) RESISTOR)
Added Component: Designator=R64(R 0805 (2012) RESISTOR)
Added Component: Designator=R65(R 0805 (2012) RESISTOR)
Added Component: Designator=R66(R 0805 (2012) RESISTOR)
Added Component: Designator=R67(R 0805 (2012) RESISTOR)
Added Component: Designator=R68(R 0805 (2012) RESISTOR)
Added Component: Designator=R69(R 0805 (2012) RESISTOR)
Added Component: Designator=R70(R 0805 (2012) RESISTOR)
Added Component: Designator=R71(R 0805 (2012) RESISTOR)
Added Component: Designator=R72(R 0805 (2012) RESISTOR)
Added Component: Designator=R73(R 0805 (2012) RESISTOR)
Added Component: Designator=R74(R 0805 (2012) RESISTOR)
Added Component: Designator=R75(R 0805 (2012) RESISTOR)
Added Component: Designator=R76(R 0805 (2012) RESISTOR)
Added Component: Designator=R77(R 0805 (2012) RESISTOR)
Added Component: Designator=R78(R 0805 (2012) RESISTOR)
Added Component: Designator=R79(R 0805 (2012) RESISTOR)
Added Component: Designator=R80(R 0805 (2012) RESISTOR)
Added Component: Designator=R81(R 0805 (2012) RESISTOR)
Added Component: Designator=R82(R 0805 (2012) RESISTOR)
Added Component: Designator=R83(R 0805 (2012) RESISTOR)
Added Component: Designator=R84(R 0805 (2012) RESISTOR)
Added Component: Designator=R85(R 0805 (2012) RESISTOR)
Added Component: Designator=R86(R 0805 (2012) RESISTOR)
Added Component: Designator=R87(R 0805 (2012) RESISTOR)
Added Component: Designator=R88(R 0805 (2012) RESISTOR)
Added Component: Designator=R89(R 0805 (2012) RESISTOR)
Added Pin To Net: NetName=NetR1_1 Pin=R1-1
Added Pin To Net: NetName=NetJ1_1 Pin=R1-2
Added Pin To Net: NetName=NetR2_1 Pin=R2-1
Added Pin To Net: NetName=NetJ2_1 Pin=R2-2
Added Pin To Net: NetName=NetR3_1 Pin=R3-1
Added Pin To Net: NetName=NetJ3_1 Pin=R3-2
Added Pin To Net: NetName=NetR4_1 Pin=R4-1
Added Pin To Net: NetName=NetJ4_1 Pin=R4-2
Added Pin To Net: NetName=NetR5_1 Pin=R5-1
Added Pin To Net: NetName=NetJ1_2 Pin=R5-2
Added Pin To Net: NetName=NetR6_1 Pin=R6-1
Added Pin To Net: NetName=NetJ2_2 Pin=R6-2
Added Pin To Net: NetName=NetR7_1 Pin=R7-1
Added Pin To Net: NetName=NetJ3_2 Pin=R7-2
Added Pin To Net: NetName=NetR8_1 Pin=R8-1
Added Pin To Net: NetName=NetJ4_2 Pin=R8-2
Added Pin To Net: NetName=NetR9_1 Pin=R9-1
Added Pin To Net: NetName=NetJ1_3 Pin=R9-2
Added Pin To Net: NetName=NetR10_1 Pin=R10-1
Added Pin To Net: NetName=NetJ2_3 Pin=R10-2
Added Pin To Net: NetName=NetR11_1 Pin=R11-1
Added Pin To Net: NetName=NetJ3_3 Pin=R11-2
Added Pin To Net: NetName=NetR12_1 Pin=R12-1
Added Pin To Net: NetName=NetJ4_3 Pin=R12-2
Added Pin To Net: NetName=NetR13_1 Pin=R13-1
Added Pin To Net: NetName=NetJ1_4 Pin=R13-2
Added Pin To Net: NetName=NetR14_1 Pin=R14-1
Added Pin To Net: NetName=NetJ2_4 Pin=R14-2
Added Pin To Net: NetName=NetR15_1 Pin=R15-1
Added Pin To Net: NetName=NetJ3_4 Pin=R15-2
Added Pin To Net: NetName=NetR16_1 Pin=R16-1
Added Pin To Net: NetName=NetJ4_4 Pin=R16-2
Added Pin To Net: NetName=NetR17_1 Pin=R17-1
Added Pin To Net: NetName=NetJ1_5 Pin=R17-2
Added Pin To Net: NetName=NetR18_1 Pin=R18-1
Added Pin To Net: NetName=NetJ2_5 Pin=R18-2
Added Pin To Net: NetName=NetR19_1 Pin=R19-1
Added Pin To Net: NetName=NetJ3_5 Pin=R19-2
Added Pin To Net: NetName=NetR20_1 Pin=R20-1
Added Pin To Net: NetName=NetJ4_5 Pin=R20-2
Added Pin To Net: NetName=NetR21_1 Pin=R21-1
Added Pin To Net: NetName=NetJ1_6 Pin=R21-2
Added Pin To Net: NetName=NetR22_1 Pin=R22-1
Added Pin To Net: NetName=NetJ2_6 Pin=R22-2
Added Pin To Net: NetName=NetR23_1 Pin=R23-1
Added Pin To Net: NetName=NetJ3_6 Pin=R23-2
Added Pin To Net: NetName=NetR24_1 Pin=R24-1
Added Pin To Net: NetName=NetJ4_6 Pin=R24-2
Added Pin To Net: NetName=NetR25_1 Pin=R25-1
Added Pin To Net: NetName=NetJ1_7 Pin=R25-2
Added Pin To Net: NetName=NetR26_1 Pin=R26-1
Added Pin To Net: NetName=NetJ2_7 Pin=R26-2
Added Pin To Net: NetName=NetR27_1 Pin=R27-1
Added Pin To Net: NetName=NetJ3_7 Pin=R27-2
Added Pin To Net: NetName=NetR28_1 Pin=R28-1
Added Pin To Net: NetName=NetJ4_7 Pin=R28-2
Added Pin To Net: NetName=NetR29_1 Pin=R29-1
Added Pin To Net: NetName=NetJ1_8 Pin=R29-2
Added Pin To Net: NetName=NetR30_1 Pin=R30-1
Added Pin To Net: NetName=NetJ2_8 Pin=R30-2
Added Pin To Net: NetName=NetR31_1 Pin=R31-1
Added Pin To Net: NetName=NetJ3_8 Pin=R31-2
Added Pin To Net: NetName=NetR32_1 Pin=R32-1
Added Pin To Net: NetName=NetJ4_8 Pin=R32-2
Added Pin To Net: NetName=NetR33_1 Pin=R33-1
Added Pin To Net: NetName=NetJ5_1 Pin=R33-2
Added Pin To Net: NetName=NetR34_1 Pin=R34-1
Added Pin To Net: NetName=NetJ6_1 Pin=R34-2
Added Pin To Net: NetName=NetR35_1 Pin=R35-1
Added Pin To Net: NetName=NetJ7_1 Pin=R35-2
Added Pin To Net: NetName=NetR36_1 Pin=R36-1
Added Pin To Net: NetName=NetJ8_1 Pin=R36-2
Added Pin To Net: NetName=NetR37_1 Pin=R37-1
Added Pin To Net: NetName=NetJ5_2 Pin=R37-2
Added Pin To Net: NetName=NetR38_1 Pin=R38-1
Added Pin To Net: NetName=NetJ6_2 Pin=R38-2
Added Pin To Net: NetName=NetR39_1 Pin=R39-1
Added Pin To Net: NetName=NetJ7_2 Pin=R39-2
Added Pin To Net: NetName=NetR40_1 Pin=R40-1
Added Pin To Net: NetName=NetJ8_2 Pin=R40-2
Added Pin To Net: NetName=NetR41_1 Pin=R41-1
Added Pin To Net: NetName=NetJ5_3 Pin=R41-2
Added Pin To Net: NetName=NetR42_1 Pin=R42-1
Added Pin To Net: NetName=NetJ6_3 Pin=R42-2
Added Pin To Net: NetName=NetR43_1 Pin=R43-1
Added Pin To Net: NetName=NetJ7_3 Pin=R43-2
Added Pin To Net: NetName=NetR44_1 Pin=R44-1
Added Pin To Net: NetName=NetJ8_3 Pin=R44-2
Added Pin To Net: NetName=NetR45_1 Pin=R45-1
Added Pin To Net: NetName=NetJ5_4 Pin=R45-2
Added Pin To Net: NetName=NetR46_1 Pin=R46-1
Added Pin To Net: NetName=NetJ6_4 Pin=R46-2
Added Pin To Net: NetName=NetR47_1 Pin=R47-1
Added Pin To Net: NetName=NetJ7_4 Pin=R47-2
Added Pin To Net: NetName=NetR48_1 Pin=R48-1
Added Pin To Net: NetName=NetJ8_4 Pin=R48-2
Added Pin To Net: NetName=NetR49_1 Pin=R49-1
Added Pin To Net: NetName=NetJ5_5 Pin=R49-2
Added Pin To Net: NetName=NetR50_1 Pin=R50-1
Added Pin To Net: NetName=NetJ6_5 Pin=R50-2
Added Pin To Net: NetName=NetR51_1 Pin=R51-1
Added Pin To Net: NetName=NetJ7_5 Pin=R51-2
Added Pin To Net: NetName=NetR52_1 Pin=R52-1
Added Pin To Net: NetName=NetJ8_5 Pin=R52-2
Added Pin To Net: NetName=NetR53_1 Pin=R53-1
Added Pin To Net: NetName=NetJ5_6 Pin=R53-2
Added Pin To Net: NetName=NetR54_1 Pin=R54-1
Added Pin To Net: NetName=NetJ6_6 Pin=R54-2
Added Pin To Net: NetName=NetR55_1 Pin=R55-1
Added Pin To Net: NetName=NetJ7_6 Pin=R55-2
Added Pin To Net: NetName=NetR56_1 Pin=R56-1
Added Pin To Net: NetName=NetJ8_6 Pin=R56-2
Added Pin To Net: NetName=NetR57_1 Pin=R57-1
Added Pin To Net: NetName=NetJ5_7 Pin=R57-2
Added Pin To Net: NetName=NetR58_1 Pin=R58-1
Added Pin To Net: NetName=NetJ6_7 Pin=R58-2
Added Pin To Net: NetName=NetR59_1 Pin=R59-1
Added Pin To Net: NetName=NetJ7_7 Pin=R59-2
Added Pin To Net: NetName=NetR60_1 Pin=R60-1
Added Pin To Net: NetName=NetJ8_7 Pin=R60-2
Added Pin To Net: NetName=NetR61_1 Pin=R61-1
Added Pin To Net: NetName=NetJ5_8 Pin=R61-2
Added Pin To Net: NetName=NetR62_1 Pin=R62-1
Added Pin To Net: NetName=NetJ6_8 Pin=R62-2
Added Pin To Net: NetName=NetR63_1 Pin=R63-1
Added Pin To Net: NetName=NetJ7_8 Pin=R63-2
Added Pin To Net: NetName=NetR64_1 Pin=R64-1
Added Pin To Net: NetName=NetJ8_8 Pin=R64-2
Added Pin To Net: NetName=LEVEL1 Pin=R65-1
Added Pin To Net: NetName=LEVEL1 Pin=R66-1
Added Pin To Net: NetName=LEVEL2 Pin=R67-1
Added Pin To Net: NetName=LEVEL2 Pin=R68-1
Added Pin To Net: NetName=LEVEL3 Pin=R69-1
Added Pin To Net: NetName=LEVEL3 Pin=R70-1
Added Pin To Net: NetName=LEVEL4 Pin=R71-1
Added Pin To Net: NetName=LEVEL4 Pin=R72-1
Added Pin To Net: NetName=LEVEL5 Pin=R73-1
Added Pin To Net: NetName=LEVEL5 Pin=R74-1
Added Pin To Net: NetName=LEVEL6 Pin=R75-1
Added Pin To Net: NetName=LEVEL6 Pin=R76-1
Added Pin To Net: NetName=LEVEL7 Pin=R77-1
Added Pin To Net: NetName=LEVEL7 Pin=R78-1
Added Pin To Net: NetName=232LED Pin=R79-1
Added Pin To Net: NetName=NetLED1_2 Pin=R79-2
Added Pin To Net: NetName=LEVEL8 Pin=R80-1
Added Pin To Net: NetName=LEVEL8 Pin=R81-1
Added Pin To Net: NetName=+5 Pin=R82-1
Added Pin To Net: NetName=NetJ9_1 Pin=R82-2
Added Pin To Net: NetName=+5 Pin=R83-1
Added Pin To Net: NetName=NetJ9_2 Pin=R83-2
Added Pin To Net: NetName=+5 Pin=R84-1
Added Pin To Net: NetName=NetJ9_3 Pin=R84-2
Added Pin To Net: NetName=+5 Pin=R85-1
Added Pin To Net: NetName=NetJ9_4 Pin=R85-2
Added Pin To Net: NetName=+5 Pin=R86-1
Added Pin To Net: NetName=NetJ9_5 Pin=R86-2
Added Pin To Net: NetName=+5 Pin=R87-1
Added Pin To Net: NetName=NetJ9_6 Pin=R87-2
Added Pin To Net: NetName=+5 Pin=R88-1
Added Pin To Net: NetName=NetJ9_7 Pin=R88-2
Added Pin To Net: NetName=+5 Pin=R89-1
Added Pin To Net: NetName=NetJ9_8 Pin=R89-2
