Added Component: Designator=C1(0805 (2012) Capacitor)
Added Component: Designator=C2(0805 (2012) Capacitor)
Added Component: Designator=C3(0805 (2012) Capacitor)
Added Component: Designator=C4(0805 (2012) Capacitor)
Added Component: Designator=C5(0805 (2012) Capacitor)
Added Component: Designator=C6(0805 (2012) Capacitor)
Added Component: Designator=C7(0805 (2012) Capacitor)
Added Component: Designator=C8(0805 (2012) Capacitor)
Added Component: Designator=C9(0805 (2012) Capacitor)
Added Component: Designator=J1(Male 8x1)
Added Component: Designator=J2(Male 8x1)
Added Component: Designator=J3(Male 8x1)
Added Component: Designator=J4(Male 8x1)
Added Component: Designator=J5(Male 8x1)
Added Component: Designator=J6(Male 8x1)
Added Component: Designator=J7(Male 8x1)
Added Component: Designator=J8(Male 8x1)
Added Component: Designator=J9(Male 8x1)
Added Component: Designator=J10(Male 4x1)
Added Component: Designator=J11(Male 5x2)
Added Component: Designator=J12(Male 2X1)
Added Component: Designator=J13(PJ-037A)
Added Component: Designator=LED1(LED 0805)
Added Component: Designator=Q1(SOT-23)
Added Component: Designator=Q2(SOT-23)
Added Component: Designator=Q3(SOT-23)
Added Component: Designator=Q4(SOT-23)
Added Component: Designator=Q5(SOT-23)
Added Component: Designator=Q6(SOT-23)
Added Component: Designator=Q7(SOT-23)
Added Component: Designator=Q8(SOT-23)
Added Component: Designator=Q9(SOT-23)
Added Component: Designator=Q10(SOT-23)
Added Component: Designator=Q11(SOT-23)
Added Component: Designator=Q12(SOT-23)
Added Component: Designator=Q13(SOT-23)
Added Component: Designator=Q14(SOT-23)
Added Component: Designator=Q15(SOT-23)
Added Component: Designator=Q16(SOT-23)
Added Component: Designator=R1(R 0805 (2012) RESISTOR)
Added Component: Designator=R2(R 0805 (2012) RESISTOR)
Added Component: Designator=R3(R 0805 (2012) RESISTOR)
Added Component: Designator=R4(R 0805 (2012) RESISTOR)
Added Component: Designator=R5(R 0805 (2012) RESISTOR)
Added Component: Designator=R6(R 0805 (2012) RESISTOR)
Added Component: Designator=R7(R 0805 (2012) RESISTOR)
Added Component: Designator=R8(R 0805 (2012) RESISTOR)
Added Component: Designator=R9(R 0805 (2012) RESISTOR)
Added Component: Designator=R10(R 0805 (2012) RESISTOR)
Added Component: Designator=R11(R 0805 (2012) RESISTOR)
Added Component: Designator=R12(R 0805 (2012) RESISTOR)
Added Component: Designator=R13(R 0805 (2012) RESISTOR)
Added Component: Designator=R14(R 0805 (2012) RESISTOR)
Added Component: Designator=R15(R 0805 (2012) RESISTOR)
Added Component: Designator=R16(R 0805 (2012) RESISTOR)
Added Component: Designator=R17(R 0805 (2012) RESISTOR)
Added Component: Designator=R18(R 0805 (2012) RESISTOR)
Added Component: Designator=R19(R 0805 (2012) RESISTOR)
Added Component: Designator=R20(R 0805 (2012) RESISTOR)
Added Component: Designator=R21(R 0805 (2012) RESISTOR)
Added Component: Designator=R22(R 0805 (2012) RESISTOR)
Added Component: Designator=R23(R 0805 (2012) RESISTOR)
Added Component: Designator=R24(R 0805 (2012) RESISTOR)
Added Component: Designator=R25(R 0805 (2012) RESISTOR)
Added Component: Designator=R26(R 0805 (2012) RESISTOR)
Added Component: Designator=R27(R 0805 (2012) RESISTOR)
Added Component: Designator=R28(R 0805 (2012) RESISTOR)
Added Component: Designator=R29(R 0805 (2012) RESISTOR)
Added Component: Designator=R30(R 0805 (2012) RESISTOR)
Added Component: Designator=R31(R 0805 (2012) RESISTOR)
Added Component: Designator=R32(R 0805 (2012) RESISTOR)
Added Component: Designator=R33(R 0805 (2012) RESISTOR)
Added Component: Designator=R34(R 0805 (2012) RESISTOR)
Added Component: Designator=R35(R 0805 (2012) RESISTOR)
Added Component: Designator=R36(R 0805 (2012) RESISTOR)
Added Component: Designator=R37(R 0805 (2012) RESISTOR)
Added Component: Designator=R38(R 0805 (2012) RESISTOR)
Added Component: Designator=R39(R 0805 (2012) RESISTOR)
Added Component: Designator=R40(R 0805 (2012) RESISTOR)
Added Component: Designator=R41(R 0805 (2012) RESISTOR)
Added Component: Designator=R42(R 0805 (2012) RESISTOR)
Added Component: Designator=R43(R 0805 (2012) RESISTOR)
Added Component: Designator=R44(R 0805 (2012) RESISTOR)
Added Component: Designator=R45(R 0805 (2012) RESISTOR)
Added Component: Designator=R46(R 0805 (2012) RESISTOR)
Added Component: Designator=R47(R 0805 (2012) RESISTOR)
Added Component: Designator=R48(R 0805 (2012) RESISTOR)
Added Component: Designator=R49(R 0805 (2012) RESISTOR)
Added Component: Designator=R50(R 0805 (2012) RESISTOR)
Added Component: Designator=R51(R 0805 (2012) RESISTOR)
Added Component: Designator=R52(R 0805 (2012) RESISTOR)
Added Component: Designator=R53(R 0805 (2012) RESISTOR)
Added Component: Designator=R54(R 0805 (2012) RESISTOR)
Added Component: Designator=R55(R 0805 (2012) RESISTOR)
Added Component: Designator=R56(R 0805 (2012) RESISTOR)
Added Component: Designator=R57(R 0805 (2012) RESISTOR)
Added Component: Designator=R58(R 0805 (2012) RESISTOR)
Added Component: Designator=R59(R 0805 (2012) RESISTOR)
Added Component: Designator=R60(R 0805 (2012) RESISTOR)
Added Component: Designator=R61(R 0805 (2012) RESISTOR)
Added Component: Designator=R62(R 0805 (2012) RESISTOR)
Added Component: Designator=R63(R 0805 (2012) RESISTOR)
Added Component: Designator=R64(R 0805 (2012) RESISTOR)
Added Component: Designator=R65(R 0805 (2012) RESISTOR)
Added Component: Designator=R66(R 0805 (2012) RESISTOR)
Added Component: Designator=R67(R 0805 (2012) RESISTOR)
Added Component: Designator=R68(R 0805 (2012) RESISTOR)
Added Component: Designator=R69(R 0805 (2012) RESISTOR)
Added Component: Designator=R70(R 0805 (2012) RESISTOR)
Added Component: Designator=R71(R 0805 (2012) RESISTOR)
Added Component: Designator=R72(R 0805 (2012) RESISTOR)
Added Component: Designator=R73(R 0805 (2012) RESISTOR)
Added Component: Designator=R74(R 0805 (2012) RESISTOR)
Added Component: Designator=R75(R 0805 (2012) RESISTOR)
Added Component: Designator=R76(R 0805 (2012) RESISTOR)
Added Component: Designator=R77(R 0805 (2012) RESISTOR)
Added Component: Designator=R78(R 0805 (2012) RESISTOR)
Added Component: Designator=R79(R 0805 (2012) RESISTOR)
Added Component: Designator=R80(R 0805 (2012) RESISTOR)
Added Component: Designator=R81(R 0805 (2012) RESISTOR)
Added Component: Designator=R82(R 0805 (2012) RESISTOR)
Added Component: Designator=R83(R 0805 (2012) RESISTOR)
Added Component: Designator=R84(R 0805 (2012) RESISTOR)
Added Component: Designator=R85(R 0805 (2012) RESISTOR)
Added Component: Designator=R86(R 0805 (2012) RESISTOR)
Added Component: Designator=R87(R 0805 (2012) RESISTOR)
Added Component: Designator=R88(R 0805 (2012) RESISTOR)
Added Component: Designator=R89(R 0805 (2012) RESISTOR)
Added Component: Designator=S1(B3F-1000)
Added Component: Designator=S2(B3F-1000)
Added Component: Designator=U1(TSSOP 20)
Added Component: Designator=U2(TSSOP 20)
Added Component: Designator=U3(TSSOP 20)
Added Component: Designator=U4(TSSOP 20)
Added Component: Designator=U5(TSSOP 20)
Added Component: Designator=U6(TSSOP 20)
Added Component: Designator=U7(TSSOP 20)
Added Component: Designator=U8(TSSOP 20)
Added Component: Designator=U11(Quad44)
Added Component: Designator=U12(DDPAK/TO-263)
Added Component: Designator=X1(PCBComponent_1)
Added Pin To Net: NetName=+5 Pin=C1-2
Added Pin To Net: NetName=+5 Pin=C5-2
Added Pin To Net: NetName=+5 Pin=C6-2
Added Pin To Net: NetName=+5 Pin=C9-2
Added Pin To Net: NetName=+5 Pin=J12-1
Added Pin To Net: NetName=+5 Pin=R82-1
Added Pin To Net: NetName=+5 Pin=R83-1
Added Pin To Net: NetName=+5 Pin=R84-1
Added Pin To Net: NetName=+5 Pin=R85-1
Added Pin To Net: NetName=+5 Pin=R86-1
Added Pin To Net: NetName=+5 Pin=R87-1
Added Pin To Net: NetName=+5 Pin=R88-1
Added Pin To Net: NetName=+5 Pin=R89-1
Added Pin To Net: NetName=+5 Pin=U1-20
Added Pin To Net: NetName=+5 Pin=U2-20
Added Pin To Net: NetName=+5 Pin=U3-20
Added Pin To Net: NetName=+5 Pin=U4-20
Added Pin To Net: NetName=+5 Pin=U5-20
Added Pin To Net: NetName=+5 Pin=U6-20
Added Pin To Net: NetName=+5 Pin=U7-20
Added Pin To Net: NetName=+5 Pin=U8-20
Added Pin To Net: NetName=+5 Pin=U11-5
Added Pin To Net: NetName=+5 Pin=U11-17
Added Pin To Net: NetName=+5 Pin=U11-27
Added Pin To Net: NetName=+5 Pin=U11-29
Added Pin To Net: NetName=+5 Pin=U11-38
Added Pin To Net: NetName=+5 Pin=U12-3
Added Net: Name=+5
Added Pin To Net: NetName=+12 Pin=J13-+
Added Pin To Net: NetName=+12 Pin=U12-1
Added Net: Name=+12
Added Pin To Net: NetName=232LED Pin=R79-1
Added Pin To Net: NetName=232LED Pin=U11-13
Added Net: Name=232LED
Added Pin To Net: NetName=A0 Pin=U11-40
Added Net: Name=A0
Added Pin To Net: NetName=A1 Pin=U11-41
Added Net: Name=A1
Added Pin To Net: NetName=A2 Pin=U11-42
Added Net: Name=A2
Added Net: Name=ADDR0
Added Net: Name=ADDR1
Added Net: Name=ADDR2
Added Pin To Net: NetName=C1+ Pin=C2-2
Added Net: Name=C1+
Added Pin To Net: NetName=C1- Pin=C2-1
Added Net: Name=C1-
Added Pin To Net: NetName=C2+ Pin=C3-2
Added Net: Name=C2+
Added Pin To Net: NetName=C2- Pin=C3-1
Added Net: Name=C2-
Added Pin To Net: NetName=GND Pin=C1-1
Added Pin To Net: NetName=GND Pin=C5-1
Added Pin To Net: NetName=GND Pin=C6-1
Added Pin To Net: NetName=GND Pin=C7-1
Added Pin To Net: NetName=GND Pin=C8-2
Added Pin To Net: NetName=GND Pin=C9-1
Added Pin To Net: NetName=GND Pin=J10-4
Added Pin To Net: NetName=GND Pin=J11-6
Added Pin To Net: NetName=GND Pin=J11-7
Added Pin To Net: NetName=GND Pin=J11-8
Added Pin To Net: NetName=GND Pin=J11-9
Added Pin To Net: NetName=GND Pin=J11-10
Added Pin To Net: NetName=GND Pin=J13--
Added Pin To Net: NetName=GND Pin=LED1-1
Added Pin To Net: NetName=GND Pin=Q1-2
Added Pin To Net: NetName=GND Pin=Q2-2
Added Pin To Net: NetName=GND Pin=Q3-2
Added Pin To Net: NetName=GND Pin=Q4-2
Added Pin To Net: NetName=GND Pin=Q5-2
Added Pin To Net: NetName=GND Pin=Q6-2
Added Pin To Net: NetName=GND Pin=Q7-2
Added Pin To Net: NetName=GND Pin=Q8-2
Added Pin To Net: NetName=GND Pin=Q9-2
Added Pin To Net: NetName=GND Pin=Q10-2
Added Pin To Net: NetName=GND Pin=Q11-2
Added Pin To Net: NetName=GND Pin=Q12-2
Added Pin To Net: NetName=GND Pin=Q13-2
Added Pin To Net: NetName=GND Pin=Q14-2
Added Pin To Net: NetName=GND Pin=Q15-2
Added Pin To Net: NetName=GND Pin=Q16-2
Added Pin To Net: NetName=GND Pin=S1-2
Added Pin To Net: NetName=GND Pin=S2-2
Added Pin To Net: NetName=GND Pin=U1-10
Added Pin To Net: NetName=GND Pin=U2-10
Added Pin To Net: NetName=GND Pin=U3-10
Added Pin To Net: NetName=GND Pin=U4-10
Added Pin To Net: NetName=GND Pin=U5-10
Added Pin To Net: NetName=GND Pin=U6-10
Added Pin To Net: NetName=GND Pin=U7-10
Added Pin To Net: NetName=GND Pin=U8-10
Added Pin To Net: NetName=GND Pin=U11-6
Added Pin To Net: NetName=GND Pin=U11-18
Added Pin To Net: NetName=GND Pin=U11-28
Added Pin To Net: NetName=GND Pin=U11-39
Added Pin To Net: NetName=GND Pin=U12-2
Added Pin To Net: NetName=GND Pin=U12-4
Added Net: Name=GND
Added Pin To Net: NetName=INT0 Pin=U11-11
Added Net: Name=INT0
Added Pin To Net: NetName=INT1 Pin=U11-12
Added Net: Name=INT1
Added Pin To Net: NetName=L0 Pin=U11-43
Added Net: Name=L0
Added Pin To Net: NetName=L1 Pin=U11-37
Added Net: Name=L1
Added Pin To Net: NetName=L2 Pin=U11-36
Added Net: Name=L2
Added Pin To Net: NetName=L3 Pin=U11-35
Added Net: Name=L3
Added Pin To Net: NetName=L4 Pin=U11-34
Added Net: Name=L4
Added Pin To Net: NetName=L5 Pin=U11-33
Added Net: Name=L5
Added Pin To Net: NetName=L6 Pin=U11-32
Added Net: Name=L6
Added Pin To Net: NetName=L7 Pin=U11-31
Added Net: Name=L7
Added Pin To Net: NetName=L8 Pin=U11-30
Added Net: Name=L8
Added Pin To Net: NetName=LEVEL1 Pin=R65-1
Added Pin To Net: NetName=LEVEL1 Pin=R66-1
Added Pin To Net: NetName=LEVEL1 Pin=U11-19
Added Net: Name=LEVEL1
Added Pin To Net: NetName=LEVEL2 Pin=R67-1
Added Pin To Net: NetName=LEVEL2 Pin=R68-1
Added Pin To Net: NetName=LEVEL2 Pin=U11-20
Added Net: Name=LEVEL2
Added Pin To Net: NetName=LEVEL3 Pin=R69-1
Added Pin To Net: NetName=LEVEL3 Pin=R70-1
Added Pin To Net: NetName=LEVEL3 Pin=U11-21
Added Net: Name=LEVEL3
Added Pin To Net: NetName=LEVEL4 Pin=R71-1
Added Pin To Net: NetName=LEVEL4 Pin=R72-1
Added Pin To Net: NetName=LEVEL4 Pin=U11-22
Added Net: Name=LEVEL4
Added Pin To Net: NetName=LEVEL5 Pin=R73-1
Added Pin To Net: NetName=LEVEL5 Pin=R74-1
Added Pin To Net: NetName=LEVEL5 Pin=U11-23
Added Net: Name=LEVEL5
Added Pin To Net: NetName=LEVEL6 Pin=R75-1
Added Pin To Net: NetName=LEVEL6 Pin=R76-1
Added Pin To Net: NetName=LEVEL6 Pin=U11-24
Added Net: Name=LEVEL6
Added Pin To Net: NetName=LEVEL7 Pin=R77-1
Added Pin To Net: NetName=LEVEL7 Pin=R78-1
Added Pin To Net: NetName=LEVEL7 Pin=U11-25
Added Net: Name=LEVEL7
Added Pin To Net: NetName=LEVEL8 Pin=R80-1
Added Pin To Net: NetName=LEVEL8 Pin=R81-1
Added Pin To Net: NetName=LEVEL8 Pin=U11-26
Added Net: Name=LEVEL8
Added Pin To Net: NetName=LINE0 Pin=U1-1
Added Pin To Net: NetName=LINE0 Pin=U2-1
Added Pin To Net: NetName=LINE0 Pin=U3-1
Added Pin To Net: NetName=LINE0 Pin=U4-1
Added Pin To Net: NetName=LINE0 Pin=U5-1
Added Pin To Net: NetName=LINE0 Pin=U6-1
Added Pin To Net: NetName=LINE0 Pin=U7-1
Added Pin To Net: NetName=LINE0 Pin=U8-1
Added Net: Name=LINE0
Added Pin To Net: NetName=LINE1 Pin=U1-2
Added Pin To Net: NetName=LINE1 Pin=U2-2
Added Pin To Net: NetName=LINE1 Pin=U3-2
Added Pin To Net: NetName=LINE1 Pin=U4-2
Added Pin To Net: NetName=LINE1 Pin=U5-2
Added Pin To Net: NetName=LINE1 Pin=U6-2
Added Pin To Net: NetName=LINE1 Pin=U7-2
Added Pin To Net: NetName=LINE1 Pin=U8-2
Added Net: Name=LINE1
Added Pin To Net: NetName=LINE2 Pin=U1-3
Added Pin To Net: NetName=LINE2 Pin=U2-3
Added Pin To Net: NetName=LINE2 Pin=U3-3
Added Pin To Net: NetName=LINE2 Pin=U4-3
Added Pin To Net: NetName=LINE2 Pin=U5-3
Added Pin To Net: NetName=LINE2 Pin=U6-3
Added Pin To Net: NetName=LINE2 Pin=U7-3
Added Pin To Net: NetName=LINE2 Pin=U8-3
Added Net: Name=LINE2
Added Pin To Net: NetName=LINE3 Pin=U1-4
Added Pin To Net: NetName=LINE3 Pin=U2-4
Added Pin To Net: NetName=LINE3 Pin=U3-4
Added Pin To Net: NetName=LINE3 Pin=U4-4
Added Pin To Net: NetName=LINE3 Pin=U5-4
Added Pin To Net: NetName=LINE3 Pin=U6-4
Added Pin To Net: NetName=LINE3 Pin=U7-4
Added Pin To Net: NetName=LINE3 Pin=U8-4
Added Net: Name=LINE3
Added Pin To Net: NetName=LINE4 Pin=U1-5
Added Pin To Net: NetName=LINE4 Pin=U2-5
Added Pin To Net: NetName=LINE4 Pin=U3-5
Added Pin To Net: NetName=LINE4 Pin=U4-5
Added Pin To Net: NetName=LINE4 Pin=U5-5
Added Pin To Net: NetName=LINE4 Pin=U6-5
Added Pin To Net: NetName=LINE4 Pin=U7-5
Added Pin To Net: NetName=LINE4 Pin=U8-5
Added Net: Name=LINE4
Added Pin To Net: NetName=LINE5 Pin=U1-6
Added Pin To Net: NetName=LINE5 Pin=U2-6
Added Pin To Net: NetName=LINE5 Pin=U3-6
Added Pin To Net: NetName=LINE5 Pin=U4-6
Added Pin To Net: NetName=LINE5 Pin=U5-6
Added Pin To Net: NetName=LINE5 Pin=U6-6
Added Pin To Net: NetName=LINE5 Pin=U7-6
Added Pin To Net: NetName=LINE5 Pin=U8-6
Added Net: Name=LINE5
Added Pin To Net: NetName=LINE6 Pin=U1-7
Added Pin To Net: NetName=LINE6 Pin=U2-7
Added Pin To Net: NetName=LINE6 Pin=U3-7
Added Pin To Net: NetName=LINE6 Pin=U4-7
Added Pin To Net: NetName=LINE6 Pin=U5-7
Added Pin To Net: NetName=LINE6 Pin=U6-7
Added Pin To Net: NetName=LINE6 Pin=U7-7
Added Pin To Net: NetName=LINE6 Pin=U8-7
Added Net: Name=LINE6
Added Pin To Net: NetName=LINE7 Pin=U1-8
Added Pin To Net: NetName=LINE7 Pin=U2-8
Added Pin To Net: NetName=LINE7 Pin=U3-8
Added Pin To Net: NetName=LINE7 Pin=U4-8
Added Pin To Net: NetName=LINE7 Pin=U5-8
Added Pin To Net: NetName=LINE7 Pin=U6-8
Added Pin To Net: NetName=LINE7 Pin=U7-8
Added Pin To Net: NetName=LINE7 Pin=U8-8
Added Net: Name=LINE7
Added Pin To Net: NetName=LINE8 Pin=U1-9
Added Pin To Net: NetName=LINE8 Pin=U2-9
Added Pin To Net: NetName=LINE8 Pin=U3-9
Added Pin To Net: NetName=LINE8 Pin=U4-9
Added Pin To Net: NetName=LINE8 Pin=U5-9
Added Pin To Net: NetName=LINE8 Pin=U6-9
Added Pin To Net: NetName=LINE8 Pin=U7-9
Added Pin To Net: NetName=LINE8 Pin=U8-9
Added Net: Name=LINE8
Added Pin To Net: NetName=MISO Pin=J11-2
Added Pin To Net: NetName=MISO Pin=U11-2
Added Net: Name=MISO
Added Pin To Net: NetName=MOSI Pin=J11-3
Added Pin To Net: NetName=MOSI Pin=U11-1
Added Net: Name=MOSI
Added Pin To Net: NetName=NetJ1_1 Pin=J1-1
Added Pin To Net: NetName=NetJ1_1 Pin=R1-2
Added Net: Name=NetJ1_1
Added Pin To Net: NetName=NetJ1_2 Pin=J1-2
Added Pin To Net: NetName=NetJ1_2 Pin=R5-2
Added Net: Name=NetJ1_2
Added Pin To Net: NetName=NetJ1_3 Pin=J1-3
Added Pin To Net: NetName=NetJ1_3 Pin=R9-2
Added Net: Name=NetJ1_3
Added Pin To Net: NetName=NetJ1_4 Pin=J1-4
Added Pin To Net: NetName=NetJ1_4 Pin=R13-2
Added Net: Name=NetJ1_4
Added Pin To Net: NetName=NetJ1_5 Pin=J1-5
Added Pin To Net: NetName=NetJ1_5 Pin=R17-2
Added Net: Name=NetJ1_5
Added Pin To Net: NetName=NetJ1_6 Pin=J1-6
Added Pin To Net: NetName=NetJ1_6 Pin=R21-2
Added Net: Name=NetJ1_6
Added Pin To Net: NetName=NetJ1_7 Pin=J1-7
Added Pin To Net: NetName=NetJ1_7 Pin=R25-2
Added Net: Name=NetJ1_7
Added Pin To Net: NetName=NetJ1_8 Pin=J1-8
Added Pin To Net: NetName=NetJ1_8 Pin=R29-2
Added Net: Name=NetJ1_8
Added Pin To Net: NetName=NetJ2_1 Pin=J2-1
Added Pin To Net: NetName=NetJ2_1 Pin=R2-2
Added Net: Name=NetJ2_1
Added Pin To Net: NetName=NetJ2_2 Pin=J2-2
Added Pin To Net: NetName=NetJ2_2 Pin=R6-2
Added Net: Name=NetJ2_2
Added Pin To Net: NetName=NetJ2_3 Pin=J2-3
Added Pin To Net: NetName=NetJ2_3 Pin=R10-2
Added Net: Name=NetJ2_3
Added Pin To Net: NetName=NetJ2_4 Pin=J2-4
Added Pin To Net: NetName=NetJ2_4 Pin=R14-2
Added Net: Name=NetJ2_4
Added Pin To Net: NetName=NetJ2_5 Pin=J2-5
Added Pin To Net: NetName=NetJ2_5 Pin=R18-2
Added Net: Name=NetJ2_5
Added Pin To Net: NetName=NetJ2_6 Pin=J2-6
Added Pin To Net: NetName=NetJ2_6 Pin=R22-2
Added Net: Name=NetJ2_6
Added Pin To Net: NetName=NetJ2_7 Pin=J2-7
Added Pin To Net: NetName=NetJ2_7 Pin=R26-2
Added Net: Name=NetJ2_7
Added Pin To Net: NetName=NetJ2_8 Pin=J2-8
Added Pin To Net: NetName=NetJ2_8 Pin=R30-2
Added Net: Name=NetJ2_8
Added Pin To Net: NetName=NetJ3_1 Pin=J3-1
Added Pin To Net: NetName=NetJ3_1 Pin=R3-2
Added Net: Name=NetJ3_1
Added Pin To Net: NetName=NetJ3_2 Pin=J3-2
Added Pin To Net: NetName=NetJ3_2 Pin=R7-2
Added Net: Name=NetJ3_2
Added Pin To Net: NetName=NetJ3_3 Pin=J3-3
Added Pin To Net: NetName=NetJ3_3 Pin=R11-2
Added Net: Name=NetJ3_3
Added Pin To Net: NetName=NetJ3_4 Pin=J3-4
Added Pin To Net: NetName=NetJ3_4 Pin=R15-2
Added Net: Name=NetJ3_4
Added Pin To Net: NetName=NetJ3_5 Pin=J3-5
Added Pin To Net: NetName=NetJ3_5 Pin=R19-2
Added Net: Name=NetJ3_5
Added Pin To Net: NetName=NetJ3_6 Pin=J3-6
Added Pin To Net: NetName=NetJ3_6 Pin=R23-2
Added Net: Name=NetJ3_6
Added Pin To Net: NetName=NetJ3_7 Pin=J3-7
Added Pin To Net: NetName=NetJ3_7 Pin=R27-2
Added Net: Name=NetJ3_7
Added Pin To Net: NetName=NetJ3_8 Pin=J3-8
Added Pin To Net: NetName=NetJ3_8 Pin=R31-2
Added Net: Name=NetJ3_8
Added Pin To Net: NetName=NetJ4_1 Pin=J4-1
Added Pin To Net: NetName=NetJ4_1 Pin=R4-2
Added Net: Name=NetJ4_1
Added Pin To Net: NetName=NetJ4_2 Pin=J4-2
Added Pin To Net: NetName=NetJ4_2 Pin=R8-2
Added Net: Name=NetJ4_2
Added Pin To Net: NetName=NetJ4_3 Pin=J4-3
Added Pin To Net: NetName=NetJ4_3 Pin=R12-2
Added Net: Name=NetJ4_3
Added Pin To Net: NetName=NetJ4_4 Pin=J4-4
Added Pin To Net: NetName=NetJ4_4 Pin=R16-2
Added Net: Name=NetJ4_4
Added Pin To Net: NetName=NetJ4_5 Pin=J4-5
Added Pin To Net: NetName=NetJ4_5 Pin=R20-2
Added Net: Name=NetJ4_5
Added Pin To Net: NetName=NetJ4_6 Pin=J4-6
Added Pin To Net: NetName=NetJ4_6 Pin=R24-2
Added Net: Name=NetJ4_6
Added Pin To Net: NetName=NetJ4_7 Pin=J4-7
Added Pin To Net: NetName=NetJ4_7 Pin=R28-2
Added Net: Name=NetJ4_7
Added Pin To Net: NetName=NetJ4_8 Pin=J4-8
Added Pin To Net: NetName=NetJ4_8 Pin=R32-2
Added Net: Name=NetJ4_8
Added Pin To Net: NetName=NetJ5_1 Pin=J5-1
Added Pin To Net: NetName=NetJ5_1 Pin=R33-2
Added Net: Name=NetJ5_1
Added Pin To Net: NetName=NetJ5_2 Pin=J5-2
Added Pin To Net: NetName=NetJ5_2 Pin=R37-2
Added Net: Name=NetJ5_2
Added Pin To Net: NetName=NetJ5_3 Pin=J5-3
Added Pin To Net: NetName=NetJ5_3 Pin=R41-2
Added Net: Name=NetJ5_3
Added Pin To Net: NetName=NetJ5_4 Pin=J5-4
Added Pin To Net: NetName=NetJ5_4 Pin=R45-2
Added Net: Name=NetJ5_4
Added Pin To Net: NetName=NetJ5_5 Pin=J5-5
Added Pin To Net: NetName=NetJ5_5 Pin=R49-2
Added Net: Name=NetJ5_5
Added Pin To Net: NetName=NetJ5_6 Pin=J5-6
Added Pin To Net: NetName=NetJ5_6 Pin=R53-2
Added Net: Name=NetJ5_6
Added Pin To Net: NetName=NetJ5_7 Pin=J5-7
Added Pin To Net: NetName=NetJ5_7 Pin=R57-2
Added Net: Name=NetJ5_7
Added Pin To Net: NetName=NetJ5_8 Pin=J5-8
Added Pin To Net: NetName=NetJ5_8 Pin=R61-2
Added Net: Name=NetJ5_8
Added Pin To Net: NetName=NetJ6_1 Pin=J6-1
Added Pin To Net: NetName=NetJ6_1 Pin=R34-2
Added Net: Name=NetJ6_1
Added Pin To Net: NetName=NetJ6_2 Pin=J6-2
Added Pin To Net: NetName=NetJ6_2 Pin=R38-2
Added Net: Name=NetJ6_2
Added Pin To Net: NetName=NetJ6_3 Pin=J6-3
Added Pin To Net: NetName=NetJ6_3 Pin=R42-2
Added Net: Name=NetJ6_3
Added Pin To Net: NetName=NetJ6_4 Pin=J6-4
Added Pin To Net: NetName=NetJ6_4 Pin=R46-2
Added Net: Name=NetJ6_4
Added Pin To Net: NetName=NetJ6_5 Pin=J6-5
Added Pin To Net: NetName=NetJ6_5 Pin=R50-2
Added Net: Name=NetJ6_5
Added Pin To Net: NetName=NetJ6_6 Pin=J6-6
Added Pin To Net: NetName=NetJ6_6 Pin=R54-2
Added Net: Name=NetJ6_6
Added Pin To Net: NetName=NetJ6_7 Pin=J6-7
Added Pin To Net: NetName=NetJ6_7 Pin=R58-2
Added Net: Name=NetJ6_7
Added Pin To Net: NetName=NetJ6_8 Pin=J6-8
Added Pin To Net: NetName=NetJ6_8 Pin=R62-2
Added Net: Name=NetJ6_8
Added Pin To Net: NetName=NetJ7_1 Pin=J7-1
Added Pin To Net: NetName=NetJ7_1 Pin=R35-2
Added Net: Name=NetJ7_1
Added Pin To Net: NetName=NetJ7_2 Pin=J7-2
Added Pin To Net: NetName=NetJ7_2 Pin=R39-2
Added Net: Name=NetJ7_2
Added Pin To Net: NetName=NetJ7_3 Pin=J7-3
Added Pin To Net: NetName=NetJ7_3 Pin=R43-2
Added Net: Name=NetJ7_3
Added Pin To Net: NetName=NetJ7_4 Pin=J7-4
Added Pin To Net: NetName=NetJ7_4 Pin=R47-2
Added Net: Name=NetJ7_4
Added Pin To Net: NetName=NetJ7_5 Pin=J7-5
Added Pin To Net: NetName=NetJ7_5 Pin=R51-2
Added Net: Name=NetJ7_5
Added Pin To Net: NetName=NetJ7_6 Pin=J7-6
Added Pin To Net: NetName=NetJ7_6 Pin=R55-2
Added Net: Name=NetJ7_6
Added Pin To Net: NetName=NetJ7_7 Pin=J7-7
Added Pin To Net: NetName=NetJ7_7 Pin=R59-2
Added Net: Name=NetJ7_7
Added Pin To Net: NetName=NetJ7_8 Pin=J7-8
Added Pin To Net: NetName=NetJ7_8 Pin=R63-2
Added Net: Name=NetJ7_8
Added Pin To Net: NetName=NetJ8_1 Pin=J8-1
Added Pin To Net: NetName=NetJ8_1 Pin=R36-2
Added Net: Name=NetJ8_1
Added Pin To Net: NetName=NetJ8_2 Pin=J8-2
Added Pin To Net: NetName=NetJ8_2 Pin=R40-2
Added Net: Name=NetJ8_2
Added Pin To Net: NetName=NetJ8_3 Pin=J8-3
Added Pin To Net: NetName=NetJ8_3 Pin=R44-2
Added Net: Name=NetJ8_3
Added Pin To Net: NetName=NetJ8_4 Pin=J8-4
Added Pin To Net: NetName=NetJ8_4 Pin=R48-2
Added Net: Name=NetJ8_4
Added Pin To Net: NetName=NetJ8_5 Pin=J8-5
Added Pin To Net: NetName=NetJ8_5 Pin=R52-2
Added Net: Name=NetJ8_5
Added Pin To Net: NetName=NetJ8_6 Pin=J8-6
Added Pin To Net: NetName=NetJ8_6 Pin=R56-2
Added Net: Name=NetJ8_6
Added Pin To Net: NetName=NetJ8_7 Pin=J8-7
Added Pin To Net: NetName=NetJ8_7 Pin=R60-2
Added Net: Name=NetJ8_7
Added Pin To Net: NetName=NetJ8_8 Pin=J8-8
Added Pin To Net: NetName=NetJ8_8 Pin=R64-2
Added Net: Name=NetJ8_8
Added Pin To Net: NetName=NetJ9_1 Pin=J9-1
Added Pin To Net: NetName=NetJ9_1 Pin=Q1-3
Added Pin To Net: NetName=NetJ9_1 Pin=Q2-3
Added Pin To Net: NetName=NetJ9_1 Pin=R82-2
Added Net: Name=NetJ9_1
Added Pin To Net: NetName=NetJ9_2 Pin=J9-2
Added Pin To Net: NetName=NetJ9_2 Pin=Q3-3
Added Pin To Net: NetName=NetJ9_2 Pin=Q4-3
Added Pin To Net: NetName=NetJ9_2 Pin=R83-2
Added Net: Name=NetJ9_2
Added Pin To Net: NetName=NetJ9_3 Pin=J9-3
Added Pin To Net: NetName=NetJ9_3 Pin=Q5-3
Added Pin To Net: NetName=NetJ9_3 Pin=Q6-3
Added Pin To Net: NetName=NetJ9_3 Pin=R84-2
Added Net: Name=NetJ9_3
Added Pin To Net: NetName=NetJ9_4 Pin=J9-4
Added Pin To Net: NetName=NetJ9_4 Pin=Q7-3
Added Pin To Net: NetName=NetJ9_4 Pin=Q8-3
Added Pin To Net: NetName=NetJ9_4 Pin=R85-2
Added Net: Name=NetJ9_4
Added Pin To Net: NetName=NetJ9_5 Pin=J9-5
Added Pin To Net: NetName=NetJ9_5 Pin=Q9-3
Added Pin To Net: NetName=NetJ9_5 Pin=Q10-3
Added Pin To Net: NetName=NetJ9_5 Pin=R86-2
Added Net: Name=NetJ9_5
Added Pin To Net: NetName=NetJ9_6 Pin=J9-6
Added Pin To Net: NetName=NetJ9_6 Pin=Q11-3
Added Pin To Net: NetName=NetJ9_6 Pin=Q12-3
Added Pin To Net: NetName=NetJ9_6 Pin=R87-2
Added Net: Name=NetJ9_6
Added Pin To Net: NetName=NetJ9_7 Pin=J9-7
Added Pin To Net: NetName=NetJ9_7 Pin=Q13-3
Added Pin To Net: NetName=NetJ9_7 Pin=Q14-3
Added Pin To Net: NetName=NetJ9_7 Pin=R88-2
Added Net: Name=NetJ9_7
Added Pin To Net: NetName=NetJ9_8 Pin=J9-8
Added Pin To Net: NetName=NetJ9_8 Pin=Q15-3
Added Pin To Net: NetName=NetJ9_8 Pin=Q16-3
Added Pin To Net: NetName=NetJ9_8 Pin=R89-2
Added Net: Name=NetJ9_8
Added Pin To Net: NetName=NetLED1_2 Pin=LED1-2
Added Pin To Net: NetName=NetLED1_2 Pin=R79-2
Added Net: Name=NetLED1_2
Added Pin To Net: NetName=NetQ1_1 Pin=Q1-1
Added Pin To Net: NetName=NetQ1_1 Pin=R65-2
Added Net: Name=NetQ1_1
Added Pin To Net: NetName=NetQ2_1 Pin=Q2-1
Added Pin To Net: NetName=NetQ2_1 Pin=R66-2
Added Net: Name=NetQ2_1
Added Pin To Net: NetName=NetQ3_1 Pin=Q3-1
Added Pin To Net: NetName=NetQ3_1 Pin=R67-2
Added Net: Name=NetQ3_1
Added Pin To Net: NetName=NetQ4_1 Pin=Q4-1
Added Pin To Net: NetName=NetQ4_1 Pin=R68-2
Added Net: Name=NetQ4_1
Added Pin To Net: NetName=NetQ5_1 Pin=Q5-1
Added Pin To Net: NetName=NetQ5_1 Pin=R69-2
Added Net: Name=NetQ5_1
Added Pin To Net: NetName=NetQ6_1 Pin=Q6-1
Added Pin To Net: NetName=NetQ6_1 Pin=R70-2
Added Net: Name=NetQ6_1
Added Pin To Net: NetName=NetQ7_1 Pin=Q7-1
Added Pin To Net: NetName=NetQ7_1 Pin=R71-2
Added Net: Name=NetQ7_1
Added Pin To Net: NetName=NetQ8_1 Pin=Q8-1
Added Pin To Net: NetName=NetQ8_1 Pin=R72-2
Added Net: Name=NetQ8_1
Added Pin To Net: NetName=NetQ9_1 Pin=Q9-1
Added Pin To Net: NetName=NetQ9_1 Pin=R73-2
Added Net: Name=NetQ9_1
Added Pin To Net: NetName=NetQ10_1 Pin=Q10-1
Added Pin To Net: NetName=NetQ10_1 Pin=R74-2
Added Net: Name=NetQ10_1
Added Pin To Net: NetName=NetQ11_1 Pin=Q11-1
Added Pin To Net: NetName=NetQ11_1 Pin=R75-2
Added Net: Name=NetQ11_1
Added Pin To Net: NetName=NetQ12_1 Pin=Q12-1
Added Pin To Net: NetName=NetQ12_1 Pin=R76-2
Added Net: Name=NetQ12_1
Added Pin To Net: NetName=NetQ13_1 Pin=Q13-1
Added Pin To Net: NetName=NetQ13_1 Pin=R77-2
Added Net: Name=NetQ13_1
Added Pin To Net: NetName=NetQ14_1 Pin=Q14-1
Added Pin To Net: NetName=NetQ14_1 Pin=R78-2
Added Net: Name=NetQ14_1
Added Pin To Net: NetName=NetQ15_1 Pin=Q15-1
Added Pin To Net: NetName=NetQ15_1 Pin=R80-2
Added Net: Name=NetQ15_1
Added Pin To Net: NetName=NetQ16_1 Pin=Q16-1
Added Pin To Net: NetName=NetQ16_1 Pin=R81-2
Added Net: Name=NetQ16_1
Added Pin To Net: NetName=NetR1_1 Pin=R1-1
Added Pin To Net: NetName=NetR1_1 Pin=U1-19
Added Net: Name=NetR1_1
Added Pin To Net: NetName=NetR2_1 Pin=R2-1
Added Pin To Net: NetName=NetR2_1 Pin=U2-19
Added Net: Name=NetR2_1
Added Pin To Net: NetName=NetR3_1 Pin=R3-1
Added Pin To Net: NetName=NetR3_1 Pin=U3-19
Added Net: Name=NetR3_1
Added Pin To Net: NetName=NetR4_1 Pin=R4-1
Added Pin To Net: NetName=NetR4_1 Pin=U4-19
Added Net: Name=NetR4_1
Added Pin To Net: NetName=NetR5_1 Pin=R5-1
Added Pin To Net: NetName=NetR5_1 Pin=U1-18
Added Net: Name=NetR5_1
Added Pin To Net: NetName=NetR6_1 Pin=R6-1
Added Pin To Net: NetName=NetR6_1 Pin=U2-18
Added Net: Name=NetR6_1
Added Pin To Net: NetName=NetR7_1 Pin=R7-1
Added Pin To Net: NetName=NetR7_1 Pin=U3-18
Added Net: Name=NetR7_1
Added Pin To Net: NetName=NetR8_1 Pin=R8-1
Added Pin To Net: NetName=NetR8_1 Pin=U4-18
Added Net: Name=NetR8_1
Added Pin To Net: NetName=NetR9_1 Pin=R9-1
Added Pin To Net: NetName=NetR9_1 Pin=U1-17
Added Net: Name=NetR9_1
Added Pin To Net: NetName=NetR10_1 Pin=R10-1
Added Pin To Net: NetName=NetR10_1 Pin=U2-17
Added Net: Name=NetR10_1
Added Pin To Net: NetName=NetR11_1 Pin=R11-1
Added Pin To Net: NetName=NetR11_1 Pin=U3-17
Added Net: Name=NetR11_1
Added Pin To Net: NetName=NetR12_1 Pin=R12-1
Added Pin To Net: NetName=NetR12_1 Pin=U4-17
Added Net: Name=NetR12_1
Added Pin To Net: NetName=NetR13_1 Pin=R13-1
Added Pin To Net: NetName=NetR13_1 Pin=U1-16
Added Net: Name=NetR13_1
Added Pin To Net: NetName=NetR14_1 Pin=R14-1
Added Pin To Net: NetName=NetR14_1 Pin=U2-16
Added Net: Name=NetR14_1
Added Pin To Net: NetName=NetR15_1 Pin=R15-1
Added Pin To Net: NetName=NetR15_1 Pin=U3-16
Added Net: Name=NetR15_1
Added Pin To Net: NetName=NetR16_1 Pin=R16-1
Added Pin To Net: NetName=NetR16_1 Pin=U4-16
Added Net: Name=NetR16_1
Added Pin To Net: NetName=NetR17_1 Pin=R17-1
Added Pin To Net: NetName=NetR17_1 Pin=U1-15
Added Net: Name=NetR17_1
Added Pin To Net: NetName=NetR18_1 Pin=R18-1
Added Pin To Net: NetName=NetR18_1 Pin=U2-15
Added Net: Name=NetR18_1
Added Pin To Net: NetName=NetR19_1 Pin=R19-1
Added Pin To Net: NetName=NetR19_1 Pin=U3-15
Added Net: Name=NetR19_1
Added Pin To Net: NetName=NetR20_1 Pin=R20-1
Added Pin To Net: NetName=NetR20_1 Pin=U4-15
Added Net: Name=NetR20_1
Added Pin To Net: NetName=NetR21_1 Pin=R21-1
Added Pin To Net: NetName=NetR21_1 Pin=U1-14
Added Net: Name=NetR21_1
Added Pin To Net: NetName=NetR22_1 Pin=R22-1
Added Pin To Net: NetName=NetR22_1 Pin=U2-14
Added Net: Name=NetR22_1
Added Pin To Net: NetName=NetR23_1 Pin=R23-1
Added Pin To Net: NetName=NetR23_1 Pin=U3-14
Added Net: Name=NetR23_1
Added Pin To Net: NetName=NetR24_1 Pin=R24-1
Added Pin To Net: NetName=NetR24_1 Pin=U4-14
Added Net: Name=NetR24_1
Added Pin To Net: NetName=NetR25_1 Pin=R25-1
Added Pin To Net: NetName=NetR25_1 Pin=U1-13
Added Net: Name=NetR25_1
Added Pin To Net: NetName=NetR26_1 Pin=R26-1
Added Pin To Net: NetName=NetR26_1 Pin=U2-13
Added Net: Name=NetR26_1
Added Pin To Net: NetName=NetR27_1 Pin=R27-1
Added Pin To Net: NetName=NetR27_1 Pin=U3-13
Added Net: Name=NetR27_1
Added Pin To Net: NetName=NetR28_1 Pin=R28-1
Added Pin To Net: NetName=NetR28_1 Pin=U4-13
Added Net: Name=NetR28_1
Added Pin To Net: NetName=NetR29_1 Pin=R29-1
Added Pin To Net: NetName=NetR29_1 Pin=U1-12
Added Net: Name=NetR29_1
Added Pin To Net: NetName=NetR30_1 Pin=R30-1
Added Pin To Net: NetName=NetR30_1 Pin=U2-12
Added Net: Name=NetR30_1
Added Pin To Net: NetName=NetR31_1 Pin=R31-1
Added Pin To Net: NetName=NetR31_1 Pin=U3-12
Added Net: Name=NetR31_1
Added Pin To Net: NetName=NetR32_1 Pin=R32-1
Added Pin To Net: NetName=NetR32_1 Pin=U4-12
Added Net: Name=NetR32_1
Added Pin To Net: NetName=NetR33_1 Pin=R33-1
Added Pin To Net: NetName=NetR33_1 Pin=U5-19
Added Net: Name=NetR33_1
Added Pin To Net: NetName=NetR34_1 Pin=R34-1
Added Pin To Net: NetName=NetR34_1 Pin=U6-19
Added Net: Name=NetR34_1
Added Pin To Net: NetName=NetR35_1 Pin=R35-1
Added Pin To Net: NetName=NetR35_1 Pin=U7-19
Added Net: Name=NetR35_1
Added Pin To Net: NetName=NetR36_1 Pin=R36-1
Added Pin To Net: NetName=NetR36_1 Pin=U8-19
Added Net: Name=NetR36_1
Added Pin To Net: NetName=NetR37_1 Pin=R37-1
Added Pin To Net: NetName=NetR37_1 Pin=U5-18
Added Net: Name=NetR37_1
Added Pin To Net: NetName=NetR38_1 Pin=R38-1
Added Pin To Net: NetName=NetR38_1 Pin=U6-18
Added Net: Name=NetR38_1
Added Pin To Net: NetName=NetR39_1 Pin=R39-1
Added Pin To Net: NetName=NetR39_1 Pin=U7-18
Added Net: Name=NetR39_1
Added Pin To Net: NetName=NetR40_1 Pin=R40-1
Added Pin To Net: NetName=NetR40_1 Pin=U8-18
Added Net: Name=NetR40_1
Added Pin To Net: NetName=NetR41_1 Pin=R41-1
Added Pin To Net: NetName=NetR41_1 Pin=U5-17
Added Net: Name=NetR41_1
Added Pin To Net: NetName=NetR42_1 Pin=R42-1
Added Pin To Net: NetName=NetR42_1 Pin=U6-17
Added Net: Name=NetR42_1
Added Pin To Net: NetName=NetR43_1 Pin=R43-1
Added Pin To Net: NetName=NetR43_1 Pin=U7-17
Added Net: Name=NetR43_1
Added Pin To Net: NetName=NetR44_1 Pin=R44-1
Added Pin To Net: NetName=NetR44_1 Pin=U8-17
Added Net: Name=NetR44_1
Added Pin To Net: NetName=NetR45_1 Pin=R45-1
Added Pin To Net: NetName=NetR45_1 Pin=U5-16
Added Net: Name=NetR45_1
Added Pin To Net: NetName=NetR46_1 Pin=R46-1
Added Pin To Net: NetName=NetR46_1 Pin=U6-16
Added Net: Name=NetR46_1
Added Pin To Net: NetName=NetR47_1 Pin=R47-1
Added Pin To Net: NetName=NetR47_1 Pin=U7-16
Added Net: Name=NetR47_1
Added Pin To Net: NetName=NetR48_1 Pin=R48-1
Added Pin To Net: NetName=NetR48_1 Pin=U8-16
Added Net: Name=NetR48_1
Added Pin To Net: NetName=NetR49_1 Pin=R49-1
Added Pin To Net: NetName=NetR49_1 Pin=U5-15
Added Net: Name=NetR49_1
Added Pin To Net: NetName=NetR50_1 Pin=R50-1
Added Pin To Net: NetName=NetR50_1 Pin=U6-15
Added Net: Name=NetR50_1
Added Pin To Net: NetName=NetR51_1 Pin=R51-1
Added Pin To Net: NetName=NetR51_1 Pin=U7-15
Added Net: Name=NetR51_1
Added Pin To Net: NetName=NetR52_1 Pin=R52-1
Added Pin To Net: NetName=NetR52_1 Pin=U8-15
Added Net: Name=NetR52_1
Added Pin To Net: NetName=NetR53_1 Pin=R53-1
Added Pin To Net: NetName=NetR53_1 Pin=U5-14
Added Net: Name=NetR53_1
Added Pin To Net: NetName=NetR54_1 Pin=R54-1
Added Pin To Net: NetName=NetR54_1 Pin=U6-14
Added Net: Name=NetR54_1
Added Pin To Net: NetName=NetR55_1 Pin=R55-1
Added Pin To Net: NetName=NetR55_1 Pin=U7-14
Added Net: Name=NetR55_1
Added Pin To Net: NetName=NetR56_1 Pin=R56-1
Added Pin To Net: NetName=NetR56_1 Pin=U8-14
Added Net: Name=NetR56_1
Added Pin To Net: NetName=NetR57_1 Pin=R57-1
Added Pin To Net: NetName=NetR57_1 Pin=U5-13
Added Net: Name=NetR57_1
Added Pin To Net: NetName=NetR58_1 Pin=R58-1
Added Pin To Net: NetName=NetR58_1 Pin=U6-13
Added Net: Name=NetR58_1
Added Pin To Net: NetName=NetR59_1 Pin=R59-1
Added Pin To Net: NetName=NetR59_1 Pin=U7-13
Added Net: Name=NetR59_1
Added Pin To Net: NetName=NetR60_1 Pin=R60-1
Added Pin To Net: NetName=NetR60_1 Pin=U8-13
Added Net: Name=NetR60_1
Added Pin To Net: NetName=NetR61_1 Pin=R61-1
Added Pin To Net: NetName=NetR61_1 Pin=U5-12
Added Net: Name=NetR61_1
Added Pin To Net: NetName=NetR62_1 Pin=R62-1
Added Pin To Net: NetName=NetR62_1 Pin=U6-12
Added Net: Name=NetR62_1
Added Pin To Net: NetName=NetR63_1 Pin=R63-1
Added Pin To Net: NetName=NetR63_1 Pin=U7-12
Added Net: Name=NetR63_1
Added Pin To Net: NetName=NetR64_1 Pin=R64-1
Added Pin To Net: NetName=NetR64_1 Pin=U8-12
Added Net: Name=NetR64_1
Added Pin To Net: NetName=R1IN Pin=J10-2
Added Net: Name=R1IN
Added Pin To Net: NetName=RESET Pin=J11-4
Added Pin To Net: NetName=RESET Pin=S1-1
Added Pin To Net: NetName=RESET Pin=U11-4
Added Net: Name=RESET
Added Pin To Net: NetName=RS232SW Pin=S2-1
Added Pin To Net: NetName=RS232SW Pin=U11-14
Added Net: Name=RS232SW
Added Pin To Net: NetName=RXD Pin=U11-9
Added Net: Name=RXD
Added Pin To Net: NetName=SCK Pin=J11-1
Added Pin To Net: NetName=SCK Pin=U11-3
Added Net: Name=SCK
Added Pin To Net: NetName=T1OUT Pin=J10-1
Added Net: Name=T1OUT
Added Pin To Net: NetName=TXD Pin=U11-10
Added Net: Name=TXD
Added Pin To Net: NetName=VS+ Pin=C4-2
Added Net: Name=VS+
Added Pin To Net: NetName=VS- Pin=C4-1
Added Net: Name=VS-
Added Pin To Net: NetName=VTG Pin=J11-5
Added Pin To Net: NetName=VTG Pin=J12-2
Added Net: Name=VTG
Added Pin To Net: NetName=XTAL1 Pin=C8-1
Added Pin To Net: NetName=XTAL1 Pin=U11-8
Added Pin To Net: NetName=XTAL1 Pin=X1-1
Added Net: Name=XTAL1
Added Pin To Net: NetName=XTAL2 Pin=C7-2
Added Pin To Net: NetName=XTAL2 Pin=U11-7
Added Pin To Net: NetName=XTAL2 Pin=X1-2
Added Net: Name=XTAL2
Added Pin To Net: NetName=Y0 Pin=U1-11
Added Net: Name=Y0
Added Pin To Net: NetName=Y1 Pin=U2-11
Added Net: Name=Y1
Added Pin To Net: NetName=Y2 Pin=U3-11
Added Net: Name=Y2
Added Pin To Net: NetName=Y3 Pin=U4-11
Added Net: Name=Y3
Added Pin To Net: NetName=Y4 Pin=U5-11
Added Net: Name=Y4
Added Pin To Net: NetName=Y5 Pin=U6-11
Added Net: Name=Y5
Added Pin To Net: NetName=Y6 Pin=U7-11
Added Net: Name=Y6
Added Pin To Net: NetName=Y7 Pin=U8-11
Added Net: Name=Y7
Added Class: Name=Microcontroller
Added Class: Name=Multiplexor
Added Class: Name=Power
Added Room: Name=Microcontroller
Added Room: Name=Multiplexor
Added Room: Name=Power
