Change Component Designator: Old Designator=C5 New Designator=C6
Change Component Designator: Old Designator=C6 New Designator=C7
Change Component Designator: Old Designator=C7 New Designator=C8
Change Component Designator: Old Designator=C8 New Designator=C9
Change Component Designator: Old Designator=C9 New Designator=C10
Change Component Designator: Old Designator=C16 New Designator=C5
Change Component Designator: Old Designator=J9 New Designator=J1
Change Component Designator: Old Designator=J10 New Designator=J2
Change Component Designator: Old Designator=J11 New Designator=J3
Change Component Designator: Old Designator=J12 New Designator=J4
Change Component Designator: Old Designator=LED3 New Designator=LED2
Change Component Designator: Old Designator=LED4 New Designator=LED3
Change Component Designator: Old Designator=R65 New Designator=R1
Change Component Designator: Old Designator=R66 New Designator=R2
Change Component Designator: Old Designator=R67 New Designator=R3
Change Component Designator: Old Designator=R68 New Designator=R4
Change Component Designator: Old Designator=R69 New Designator=R5
Change Component Designator: Old Designator=R70 New Designator=R6
Change Component Designator: Old Designator=R71 New Designator=R7
Change Component Designator: Old Designator=R72 New Designator=R8
Change Component Designator: Old Designator=R73 New Designator=R9
Change Component Designator: Old Designator=R74 New Designator=R10
Change Component Designator: Old Designator=R75 New Designator=R11
Change Component Designator: Old Designator=R76 New Designator=R12
Change Component Designator: Old Designator=R77 New Designator=R13
Change Component Designator: Old Designator=R78 New Designator=R15
Change Component Designator: Old Designator=R79 New Designator=R14
Change Component Designator: Old Designator=R79 New Designator=R16
Change Component Designator: Old Designator=R80 New Designator=R17
Change Component Designator: Old Designator=R81 New Designator=R19
Change Component Designator: Old Designator=R82 New Designator=R21
Change Component Designator: Old Designator=R83 New Designator=R22
Change Component Designator: Old Designator=R84 New Designator=R23
Change Component Designator: Old Designator=R85 New Designator=R24
Change Component Designator: Old Designator=R86 New Designator=R25
Change Component Designator: Old Designator=R87 New Designator=R26
Change Component Designator: Old Designator=R88 New Designator=R27
Change Component Designator: Old Designator=R89 New Designator=R28
Change Component Designator: Old Designator=R91 New Designator=R18
Change Component Designator: Old Designator=R92 New Designator=R20
Change Component Designator: Old Designator=U10 New Designator=U1
Change Component Designator: Old Designator=U11 New Designator=U2
